got current job name=fts3
new job name=fts4
new job created with id: 31973
----------checking if gpu available on current job-----------------
no change     /opt/intel/oneapi/intelpython/latest/condabin/conda
no change     /opt/intel/oneapi/intelpython/latest/bin/conda
no change     /opt/intel/oneapi/intelpython/latest/bin/conda-env
no change     /opt/intel/oneapi/intelpython/latest/bin/activate
no change     /opt/intel/oneapi/intelpython/latest/bin/deactivate
no change     /opt/intel/oneapi/intelpython/latest/etc/profile.d/conda.sh
no change     /opt/intel/oneapi/intelpython/latest/etc/fish/conf.d/conda.fish
no change     /opt/intel/oneapi/intelpython/latest/shell/condabin/Conda.psm1
no change     /opt/intel/oneapi/intelpython/latest/shell/condabin/conda-hook.ps1
no change     /opt/intel/oneapi/intelpython/latest/lib/python3.9/site-packages/xontrib/conda.xsh
no change     /opt/intel/oneapi/intelpython/latest/etc/profile.d/conda.csh
no change     /opt/intel/oneapi/intelpython/latest/etc/profile.d/conda.ksh
no change     /home/u131168/.bashrc
No action taken.
-------------------------------------------
users render freetier premium
 
:: initializing oneAPI environment ...
   slurm_script: BASH_VERSION = 5.1.16(1)-release
   args: Using "$@" for setvars.sh arguments: --force
:: advisor -- latest
:: ccl -- latest
:: compiler -- latest
:: dal -- latest
:: debugger -- latest
:: dev-utilities -- latest
:: dnnl -- latest
:: dpcpp-ct -- latest
:: dpl -- latest
:: embree -- latest
:: inspector -- latest
:: intelpython -- latest

CommandNotFoundError: Your shell has not been properly configured to use 'conda deactivate'.
To initialize your shell, run

    $ conda init <SHELL_NAME>

Currently supported shells are:
  - bash
  - fish
  - tcsh
  - xonsh
  - zsh
  - powershell

See 'conda init --help' for more information and options.

IMPORTANT: You may need to close and restart your shell after running 'conda init'.



CommandNotFoundError: Your shell has not been properly configured to use 'conda deactivate'.
To initialize your shell, run

    $ conda init <SHELL_NAME>

Currently supported shells are:
  - bash
  - fish
  - tcsh
  - xonsh
  - zsh
  - powershell

See 'conda init --help' for more information and options.

IMPORTANT: You may need to close and restart your shell after running 'conda init'.



CommandNotFoundError: Your shell has not been properly configured to use 'conda deactivate'.
To initialize your shell, run

    $ conda init <SHELL_NAME>

Currently supported shells are:
  - bash
  - fish
  - tcsh
  - xonsh
  - zsh
  - powershell

See 'conda init --help' for more information and options.

IMPORTANT: You may need to close and restart your shell after running 'conda init'.


:: ipp -- latest
:: ippcp -- latest
:: ispc -- latest
:: itac -- latest
:: mkl -- latest
:: modelzoo -- latest
:: modin -- latest
:: mpi -- latest
:: neural-compressor -- latest
:: oidn -- latest
:: openpgl -- latest
:: openvkl -- latest
:: ospray -- latest
:: ospray_studio -- latest
:: pytorch -- latest
:: rkcommon -- latest
:: rkutil -- latest
:: tbb -- latest
:: tensorflow -- latest
:: vtune -- latest
:: oneAPI environment initialized ::
 
Warning: ONEAPI_DEVICE_SELECTOR environment variable is set to opencl:cpu;opencl:fpga;level_zero:3.
To see the correct device id, please unset ONEAPI_DEVICE_SELECTOR.

[opencl:cpu:0] Intel(R) OpenCL, Intel(R) Xeon(R) Platinum 8480L 3.0 [2023.16.7.0.21_160000]
[opencl:acc:1] Intel(R) FPGA Emulation Platform for OpenCL(TM), Intel(R) FPGA Emulation Device 1.2 [2023.16.7.0.21_160000]
[opencl:cpu:2] Intel(R) OpenCL, Intel(R) Xeon(R) Platinum 8480L 3.0 [2023.16.7.0.21_160000]
[ext_oneapi_level_zero:gpu:0] Intel(R) Level-Zero, Intel(R) Data Center GPU Max 1100 1.3 [1.3.26516]
Warning: ONEAPI_DEVICE_SELECTOR environment variable is set to opencl:cpu;opencl:fpga;level_zero:3.
To see the correct device id, please unset ONEAPI_DEVICE_SELECTOR.

num_gpu=1\n
Warning: ONEAPI_DEVICE_SELECTOR environment variable is set to opencl:cpu;opencl:fpga;level_zero:3.
To see the correct device id, please unset ONEAPI_DEVICE_SELECTOR.

num_cpu=2\n
/var/spool/slurmd/job31912/slurm_script: line 36: [: missing `]'
-------------------------------------------
starting fine tuning model
Defaulting to user installation because normal site-packages is not writeable
Requirement already satisfied: datasets in /home/u131168/.local/lib/python3.9/site-packages (from -r requirements.txt (line 1)) (2.14.5)
Requirement already satisfied: torch in /home/u131168/.local/lib/python3.9/site-packages (from -r requirements.txt (line 2)) (2.1.0)
Requirement already satisfied: transformers>=4.32.0 in /home/u131168/.local/lib/python3.9/site-packages (from -r requirements.txt (line 3)) (4.35.0.dev0)
Requirement already satisfied: sentencepiece in /home/u131168/.local/lib/python3.9/site-packages (from -r requirements.txt (line 4)) (0.1.99)
Requirement already satisfied: peft in /home/u131168/.local/lib/python3.9/site-packages (from -r requirements.txt (line 5)) (0.5.0)
Requirement already satisfied: evaluate in /home/u131168/.local/lib/python3.9/site-packages (from -r requirements.txt (line 6)) (0.4.0)
Requirement already satisfied: nltk in /home/u131168/.local/lib/python3.9/site-packages (from -r requirements.txt (line 7)) (3.8.1)
Requirement already satisfied: rouge_score in /home/u131168/.local/lib/python3.9/site-packages (from -r requirements.txt (line 8)) (0.1.2)
Requirement already satisfied: einops in /home/u131168/.local/lib/python3.9/site-packages (from -r requirements.txt (line 9)) (0.7.0)
Requirement already satisfied: numpy>=1.17 in /opt/intel/oneapi/intelpython/python3.9/lib/python3.9/site-packages (from datasets->-r requirements.txt (line 1)) (1.24.3)
Requirement already satisfied: pyarrow>=8.0.0 in /home/u131168/.local/lib/python3.9/site-packages (from datasets->-r requirements.txt (line 1)) (13.0.0)
Requirement already satisfied: dill<0.3.8,>=0.3.0 in /home/u131168/.local/lib/python3.9/site-packages (from datasets->-r requirements.txt (line 1)) (0.3.7)
Requirement already satisfied: pandas in /opt/intel/oneapi/intelpython/python3.9/lib/python3.9/site-packages (from datasets->-r requirements.txt (line 1)) (2.0.3)
Requirement already satisfied: requests>=2.19.0 in /opt/intel/oneapi/intelpython/python3.9/lib/python3.9/site-packages (from datasets->-r requirements.txt (line 1)) (2.31.0)
Requirement already satisfied: tqdm>=4.62.1 in /opt/intel/oneapi/intelpython/python3.9/lib/python3.9/site-packages (from datasets->-r requirements.txt (line 1)) (4.65.0)
Requirement already satisfied: xxhash in /home/u131168/.local/lib/python3.9/site-packages (from datasets->-r requirements.txt (line 1)) (3.4.1)
Requirement already satisfied: multiprocess in /home/u131168/.local/lib/python3.9/site-packages (from datasets->-r requirements.txt (line 1)) (0.70.15)
Requirement already satisfied: fsspec[http]<2023.9.0,>=2023.1.0 in /home/u131168/.local/lib/python3.9/site-packages (from datasets->-r requirements.txt (line 1)) (2023.6.0)
Requirement already satisfied: aiohttp in /home/u131168/.local/lib/python3.9/site-packages (from datasets->-r requirements.txt (line 1)) (3.8.6)
Requirement already satisfied: huggingface-hub<1.0.0,>=0.14.0 in /home/u131168/.local/lib/python3.9/site-packages (from datasets->-r requirements.txt (line 1)) (0.17.3)
Requirement already satisfied: packaging in /opt/intel/oneapi/intelpython/python3.9/lib/python3.9/site-packages (from datasets->-r requirements.txt (line 1)) (23.1)
Requirement already satisfied: pyyaml>=5.1 in /opt/intel/oneapi/intelpython/python3.9/lib/python3.9/site-packages (from datasets->-r requirements.txt (line 1)) (6.0)
Requirement already satisfied: filelock in /home/u131168/.local/lib/python3.9/site-packages (from torch->-r requirements.txt (line 2)) (3.12.4)
Requirement already satisfied: typing-extensions in /opt/intel/oneapi/intelpython/python3.9/lib/python3.9/site-packages (from torch->-r requirements.txt (line 2)) (4.6.3)
Requirement already satisfied: sympy in /home/u131168/.local/lib/python3.9/site-packages (from torch->-r requirements.txt (line 2)) (1.12)
Requirement already satisfied: networkx in /home/u131168/.local/lib/python3.9/site-packages (from torch->-r requirements.txt (line 2)) (3.1)
Requirement already satisfied: jinja2 in /home/u131168/.local/lib/python3.9/site-packages (from torch->-r requirements.txt (line 2)) (3.1.2)
Requirement already satisfied: nvidia-cuda-nvrtc-cu12==12.1.105 in /home/u131168/.local/lib/python3.9/site-packages (from torch->-r requirements.txt (line 2)) (12.1.105)
Requirement already satisfied: nvidia-cuda-runtime-cu12==12.1.105 in /home/u131168/.local/lib/python3.9/site-packages (from torch->-r requirements.txt (line 2)) (12.1.105)
Requirement already satisfied: nvidia-cuda-cupti-cu12==12.1.105 in /home/u131168/.local/lib/python3.9/site-packages (from torch->-r requirements.txt (line 2)) (12.1.105)
Requirement already satisfied: nvidia-cudnn-cu12==8.9.2.26 in /home/u131168/.local/lib/python3.9/site-packages (from torch->-r requirements.txt (line 2)) (8.9.2.26)
Requirement already satisfied: nvidia-cublas-cu12==12.1.3.1 in /home/u131168/.local/lib/python3.9/site-packages (from torch->-r requirements.txt (line 2)) (12.1.3.1)
Requirement already satisfied: nvidia-cufft-cu12==11.0.2.54 in /home/u131168/.local/lib/python3.9/site-packages (from torch->-r requirements.txt (line 2)) (11.0.2.54)
Requirement already satisfied: nvidia-curand-cu12==10.3.2.106 in /home/u131168/.local/lib/python3.9/site-packages (from torch->-r requirements.txt (line 2)) (10.3.2.106)
Requirement already satisfied: nvidia-cusolver-cu12==11.4.5.107 in /home/u131168/.local/lib/python3.9/site-packages (from torch->-r requirements.txt (line 2)) (11.4.5.107)
Requirement already satisfied: nvidia-cusparse-cu12==12.1.0.106 in /home/u131168/.local/lib/python3.9/site-packages (from torch->-r requirements.txt (line 2)) (12.1.0.106)
Requirement already satisfied: nvidia-nccl-cu12==2.18.1 in /home/u131168/.local/lib/python3.9/site-packages (from torch->-r requirements.txt (line 2)) (2.18.1)
Requirement already satisfied: nvidia-nvtx-cu12==12.1.105 in /home/u131168/.local/lib/python3.9/site-packages (from torch->-r requirements.txt (line 2)) (12.1.105)
Requirement already satisfied: triton==2.1.0 in /home/u131168/.local/lib/python3.9/site-packages (from torch->-r requirements.txt (line 2)) (2.1.0)
Requirement already satisfied: nvidia-nvjitlink-cu12 in /home/u131168/.local/lib/python3.9/site-packages (from nvidia-cusolver-cu12==11.4.5.107->torch->-r requirements.txt (line 2)) (12.2.140)
Requirement already satisfied: regex!=2019.12.17 in /home/u131168/.local/lib/python3.9/site-packages (from transformers>=4.32.0->-r requirements.txt (line 3)) (2023.10.3)
Requirement already satisfied: tokenizers<0.15,>=0.14 in /home/u131168/.local/lib/python3.9/site-packages (from transformers>=4.32.0->-r requirements.txt (line 3)) (0.14.1)
Requirement already satisfied: safetensors>=0.3.1 in /home/u131168/.local/lib/python3.9/site-packages (from transformers>=4.32.0->-r requirements.txt (line 3)) (0.4.0)
Requirement already satisfied: psutil in /opt/intel/oneapi/intelpython/python3.9/lib/python3.9/site-packages (from peft->-r requirements.txt (line 5)) (5.9.0)
Requirement already satisfied: accelerate in /home/u131168/.local/lib/python3.9/site-packages (from peft->-r requirements.txt (line 5)) (0.23.0)
Requirement already satisfied: responses<0.19 in /home/u131168/.local/lib/python3.9/site-packages (from evaluate->-r requirements.txt (line 6)) (0.18.0)
Requirement already satisfied: click in /home/u131168/.local/lib/python3.9/site-packages (from nltk->-r requirements.txt (line 7)) (8.1.7)
Requirement already satisfied: joblib in /opt/intel/oneapi/intelpython/python3.9/lib/python3.9/site-packages (from nltk->-r requirements.txt (line 7)) (1.2.0)
Requirement already satisfied: absl-py in /home/u131168/.local/lib/python3.9/site-packages (from rouge_score->-r requirements.txt (line 8)) (2.0.0)
Requirement already satisfied: six>=1.14.0 in /opt/intel/oneapi/intelpython/python3.9/lib/python3.9/site-packages (from rouge_score->-r requirements.txt (line 8)) (1.16.0)
Requirement already satisfied: attrs>=17.3.0 in /home/u131168/.local/lib/python3.9/site-packages (from aiohttp->datasets->-r requirements.txt (line 1)) (23.1.0)
Requirement already satisfied: charset-normalizer<4.0,>=2.0 in /opt/intel/oneapi/intelpython/python3.9/lib/python3.9/site-packages (from aiohttp->datasets->-r requirements.txt (line 1)) (3.1.0)
Requirement already satisfied: multidict<7.0,>=4.5 in /home/u131168/.local/lib/python3.9/site-packages (from aiohttp->datasets->-r requirements.txt (line 1)) (6.0.4)
Requirement already satisfied: async-timeout<5.0,>=4.0.0a3 in /home/u131168/.local/lib/python3.9/site-packages (from aiohttp->datasets->-r requirements.txt (line 1)) (4.0.3)
Requirement already satisfied: yarl<2.0,>=1.0 in /home/u131168/.local/lib/python3.9/site-packages (from aiohttp->datasets->-r requirements.txt (line 1)) (1.9.2)
Requirement already satisfied: frozenlist>=1.1.1 in /home/u131168/.local/lib/python3.9/site-packages (from aiohttp->datasets->-r requirements.txt (line 1)) (1.4.0)
Requirement already satisfied: aiosignal>=1.1.2 in /home/u131168/.local/lib/python3.9/site-packages (from aiohttp->datasets->-r requirements.txt (line 1)) (1.3.1)
Requirement already satisfied: idna<4,>=2.5 in /opt/intel/oneapi/intelpython/python3.9/lib/python3.9/site-packages (from requests>=2.19.0->datasets->-r requirements.txt (line 1)) (3.4)
Requirement already satisfied: urllib3<3,>=1.21.1 in /opt/intel/oneapi/intelpython/python3.9/lib/python3.9/site-packages (from requests>=2.19.0->datasets->-r requirements.txt (line 1)) (2.0.3)
Requirement already satisfied: certifi>=2017.4.17 in /opt/intel/oneapi/intelpython/python3.9/lib/python3.9/site-packages (from requests>=2.19.0->datasets->-r requirements.txt (line 1)) (2023.7.22)
Requirement already satisfied: MarkupSafe>=2.0 in /home/u131168/.local/lib/python3.9/site-packages (from jinja2->torch->-r requirements.txt (line 2)) (2.1.3)
Requirement already satisfied: python-dateutil>=2.8.2 in /opt/intel/oneapi/intelpython/python3.9/lib/python3.9/site-packages (from pandas->datasets->-r requirements.txt (line 1)) (2.8.2)
Requirement already satisfied: pytz>=2020.1 in /opt/intel/oneapi/intelpython/python3.9/lib/python3.9/site-packages (from pandas->datasets->-r requirements.txt (line 1)) (2023.3)
Requirement already satisfied: tzdata>=2022.1 in /opt/intel/oneapi/intelpython/python3.9/lib/python3.9/site-packages (from pandas->datasets->-r requirements.txt (line 1)) (2023.3)
Requirement already satisfied: mpmath>=0.19 in /home/u131168/.local/lib/python3.9/site-packages (from sympy->torch->-r requirements.txt (line 2)) (1.3.0)
Defaulting to user installation because normal site-packages is not writeable
Looking in links: https://developer.intel.com/ipex-whl-stable-cpu
Requirement already satisfied: oneccl_bind_pt in /home/u131168/.local/lib/python3.9/site-packages (2.0.0+cpu)
Defaulting to user installation because normal site-packages is not writeable
Collecting git+https://github.com/huggingface/transformers
  Cloning https://github.com/huggingface/transformers to /tmp/pip-req-build-xzv27_da
  Running command git clone --filter=blob:none --quiet https://github.com/huggingface/transformers /tmp/pip-req-build-xzv27_da
