got current job name=fts2
new job name=fts3
new job created with id: 26791
starting fine tuning model
Requirement already satisfied: datasets in /home/u131168/.local/lib/python3.10/site-packages (from -r requirements.txt (line 1)) (2.14.5)
Requirement already satisfied: torch in /home/u131168/.local/lib/python3.10/site-packages (from -r requirements.txt (line 2)) (2.0.1)
Requirement already satisfied: transformers>=4.32.0 in /opt/miniconda/lib/python3.10/site-packages (from -r requirements.txt (line 3)) (4.35.0.dev0)
Requirement already satisfied: sentencepiece in /home/u131168/.local/lib/python3.10/site-packages (from -r requirements.txt (line 4)) (0.1.99)
Requirement already satisfied: peft in /home/u131168/.local/lib/python3.10/site-packages (from -r requirements.txt (line 5)) (0.5.0)
Requirement already satisfied: evaluate in /home/u131168/.local/lib/python3.10/site-packages (from -r requirements.txt (line 6)) (0.4.0)
Requirement already satisfied: nltk in /home/u131168/.local/lib/python3.10/site-packages (from -r requirements.txt (line 7)) (3.8.1)
Requirement already satisfied: rouge_score in /home/u131168/.local/lib/python3.10/site-packages (from -r requirements.txt (line 8)) (0.1.2)
Requirement already satisfied: einops in /home/u131168/.local/lib/python3.10/site-packages (from -r requirements.txt (line 9)) (0.6.1)
Requirement already satisfied: xxhash in /home/u131168/.local/lib/python3.10/site-packages (from datasets->-r requirements.txt (line 1)) (3.3.0)
Requirement already satisfied: packaging in /opt/miniconda/lib/python3.10/site-packages (from datasets->-r requirements.txt (line 1)) (23.0)
Requirement already satisfied: huggingface-hub<1.0.0,>=0.14.0 in /home/u131168/.local/lib/python3.10/site-packages (from datasets->-r requirements.txt (line 1)) (0.16.4)
Requirement already satisfied: pyarrow>=8.0.0 in /home/u131168/.local/lib/python3.10/site-packages (from datasets->-r requirements.txt (line 1)) (13.0.0)
Requirement already satisfied: pyyaml>=5.1 in /home/u131168/.local/lib/python3.10/site-packages (from datasets->-r requirements.txt (line 1)) (6.0.1)
Requirement already satisfied: multiprocess in /home/u131168/.local/lib/python3.10/site-packages (from datasets->-r requirements.txt (line 1)) (0.70.15)
Requirement already satisfied: tqdm>=4.62.1 in /opt/miniconda/lib/python3.10/site-packages (from datasets->-r requirements.txt (line 1)) (4.65.0)
Requirement already satisfied: dill<0.3.8,>=0.3.0 in /home/u131168/.local/lib/python3.10/site-packages (from datasets->-r requirements.txt (line 1)) (0.3.7)
Requirement already satisfied: fsspec[http]<2023.9.0,>=2023.1.0 in /home/u131168/.local/lib/python3.10/site-packages (from datasets->-r requirements.txt (line 1)) (2023.6.0)
Requirement already satisfied: pandas in /home/u131168/.local/lib/python3.10/site-packages (from datasets->-r requirements.txt (line 1)) (2.1.0)
Requirement already satisfied: numpy>=1.17 in /home/u131168/.local/lib/python3.10/site-packages (from datasets->-r requirements.txt (line 1)) (1.26.0)
Requirement already satisfied: aiohttp in /home/u131168/.local/lib/python3.10/site-packages (from datasets->-r requirements.txt (line 1)) (3.8.5)
Requirement already satisfied: requests>=2.19.0 in /opt/miniconda/lib/python3.10/site-packages (from datasets->-r requirements.txt (line 1)) (2.28.1)
Requirement already satisfied: nvidia-cuda-nvrtc-cu11==11.7.99 in /home/u131168/.local/lib/python3.10/site-packages (from torch->-r requirements.txt (line 2)) (11.7.99)
Requirement already satisfied: nvidia-cudnn-cu11==8.5.0.96 in /home/u131168/.local/lib/python3.10/site-packages (from torch->-r requirements.txt (line 2)) (8.5.0.96)
Requirement already satisfied: networkx in /home/u131168/.local/lib/python3.10/site-packages (from torch->-r requirements.txt (line 2)) (3.1)
Requirement already satisfied: nvidia-nccl-cu11==2.14.3 in /home/u131168/.local/lib/python3.10/site-packages (from torch->-r requirements.txt (line 2)) (2.14.3)
Requirement already satisfied: nvidia-cusolver-cu11==11.4.0.1 in /home/u131168/.local/lib/python3.10/site-packages (from torch->-r requirements.txt (line 2)) (11.4.0.1)
Requirement already satisfied: jinja2 in /home/u131168/.local/lib/python3.10/site-packages (from torch->-r requirements.txt (line 2)) (3.1.2)
Requirement already satisfied: nvidia-cusparse-cu11==11.7.4.91 in /home/u131168/.local/lib/python3.10/site-packages (from torch->-r requirements.txt (line 2)) (11.7.4.91)
Requirement already satisfied: triton==2.0.0 in /home/u131168/.local/lib/python3.10/site-packages (from torch->-r requirements.txt (line 2)) (2.0.0)
Requirement already satisfied: filelock in /home/u131168/.local/lib/python3.10/site-packages (from torch->-r requirements.txt (line 2)) (3.12.4)
Requirement already satisfied: typing-extensions in /home/u131168/.local/lib/python3.10/site-packages (from torch->-r requirements.txt (line 2)) (4.8.0)
Requirement already satisfied: nvidia-cuda-runtime-cu11==11.7.99 in /home/u131168/.local/lib/python3.10/site-packages (from torch->-r requirements.txt (line 2)) (11.7.99)
Requirement already satisfied: sympy in /home/u131168/.local/lib/python3.10/site-packages (from torch->-r requirements.txt (line 2)) (1.12)
Requirement already satisfied: nvidia-cufft-cu11==10.9.0.58 in /home/u131168/.local/lib/python3.10/site-packages (from torch->-r requirements.txt (line 2)) (10.9.0.58)
Requirement already satisfied: nvidia-nvtx-cu11==11.7.91 in /home/u131168/.local/lib/python3.10/site-packages (from torch->-r requirements.txt (line 2)) (11.7.91)
Requirement already satisfied: nvidia-cublas-cu11==11.10.3.66 in /home/u131168/.local/lib/python3.10/site-packages (from torch->-r requirements.txt (line 2)) (11.10.3.66)
Requirement already satisfied: nvidia-curand-cu11==10.2.10.91 in /home/u131168/.local/lib/python3.10/site-packages (from torch->-r requirements.txt (line 2)) (10.2.10.91)
Requirement already satisfied: nvidia-cuda-cupti-cu11==11.7.101 in /home/u131168/.local/lib/python3.10/site-packages (from torch->-r requirements.txt (line 2)) (11.7.101)
Requirement already satisfied: wheel in /opt/miniconda/lib/python3.10/site-packages (from nvidia-cublas-cu11==11.10.3.66->torch->-r requirements.txt (line 2)) (0.38.4)
Requirement already satisfied: setuptools in /opt/miniconda/lib/python3.10/site-packages (from nvidia-cublas-cu11==11.10.3.66->torch->-r requirements.txt (line 2)) (65.6.3)
Requirement already satisfied: lit in /home/u131168/.local/lib/python3.10/site-packages (from triton==2.0.0->torch->-r requirements.txt (line 2)) (16.0.6)
Requirement already satisfied: cmake in /home/u131168/.local/lib/python3.10/site-packages (from triton==2.0.0->torch->-r requirements.txt (line 2)) (3.27.5)
Requirement already satisfied: safetensors>=0.3.1 in /home/u131168/.local/lib/python3.10/site-packages (from transformers>=4.32.0->-r requirements.txt (line 3)) (0.3.3)
Requirement already satisfied: regex!=2019.12.17 in /home/u131168/.local/lib/python3.10/site-packages (from transformers>=4.32.0->-r requirements.txt (line 3)) (2023.8.8)
Requirement already satisfied: tokenizers<0.15,>=0.14 in /home/u131168/.local/lib/python3.10/site-packages (from transformers>=4.32.0->-r requirements.txt (line 3)) (0.14.0)
Requirement already satisfied: psutil in /home/u131168/.local/lib/python3.10/site-packages (from peft->-r requirements.txt (line 5)) (5.9.5)
Requirement already satisfied: accelerate in /home/u131168/.local/lib/python3.10/site-packages (from peft->-r requirements.txt (line 5)) (0.23.0)
Requirement already satisfied: responses<0.19 in /home/u131168/.local/lib/python3.10/site-packages (from evaluate->-r requirements.txt (line 6)) (0.18.0)
Requirement already satisfied: joblib in /home/u131168/.local/lib/python3.10/site-packages (from nltk->-r requirements.txt (line 7)) (1.3.2)
Requirement already satisfied: click in /home/u131168/.local/lib/python3.10/site-packages (from nltk->-r requirements.txt (line 7)) (8.1.7)
Requirement already satisfied: absl-py in /home/u131168/.local/lib/python3.10/site-packages (from rouge_score->-r requirements.txt (line 8)) (2.0.0)
Requirement already satisfied: six>=1.14.0 in /opt/miniconda/lib/python3.10/site-packages (from rouge_score->-r requirements.txt (line 8)) (1.16.0)
Requirement already satisfied: multidict<7.0,>=4.5 in /home/u131168/.local/lib/python3.10/site-packages (from aiohttp->datasets->-r requirements.txt (line 1)) (6.0.4)
Requirement already satisfied: attrs>=17.3.0 in /home/u131168/.local/lib/python3.10/site-packages (from aiohttp->datasets->-r requirements.txt (line 1)) (23.1.0)
Requirement already satisfied: async-timeout<5.0,>=4.0.0a3 in /home/u131168/.local/lib/python3.10/site-packages (from aiohttp->datasets->-r requirements.txt (line 1)) (4.0.3)
Requirement already satisfied: yarl<2.0,>=1.0 in /home/u131168/.local/lib/python3.10/site-packages (from aiohttp->datasets->-r requirements.txt (line 1)) (1.9.2)
Requirement already satisfied: frozenlist>=1.1.1 in /home/u131168/.local/lib/python3.10/site-packages (from aiohttp->datasets->-r requirements.txt (line 1)) (1.4.0)
Requirement already satisfied: charset-normalizer<4.0,>=2.0 in /opt/miniconda/lib/python3.10/site-packages (from aiohttp->datasets->-r requirements.txt (line 1)) (2.0.4)
Requirement already satisfied: aiosignal>=1.1.2 in /home/u131168/.local/lib/python3.10/site-packages (from aiohttp->datasets->-r requirements.txt (line 1)) (1.3.1)
Requirement already satisfied: certifi>=2017.4.17 in /opt/miniconda/lib/python3.10/site-packages (from requests>=2.19.0->datasets->-r requirements.txt (line 1)) (2023.5.7)
Requirement already satisfied: urllib3<1.27,>=1.21.1 in /opt/miniconda/lib/python3.10/site-packages (from requests>=2.19.0->datasets->-r requirements.txt (line 1)) (1.26.15)
Requirement already satisfied: idna<4,>=2.5 in /opt/miniconda/lib/python3.10/site-packages (from requests>=2.19.0->datasets->-r requirements.txt (line 1)) (3.4)
Requirement already satisfied: MarkupSafe>=2.0 in /home/u131168/.local/lib/python3.10/site-packages (from jinja2->torch->-r requirements.txt (line 2)) (2.1.3)
Requirement already satisfied: python-dateutil>=2.8.2 in /home/u131168/.local/lib/python3.10/site-packages (from pandas->datasets->-r requirements.txt (line 1)) (2.8.2)
Requirement already satisfied: tzdata>=2022.1 in /home/u131168/.local/lib/python3.10/site-packages (from pandas->datasets->-r requirements.txt (line 1)) (2023.3)
Requirement already satisfied: pytz>=2020.1 in /home/u131168/.local/lib/python3.10/site-packages (from pandas->datasets->-r requirements.txt (line 1)) (2023.3.post1)
Requirement already satisfied: mpmath>=0.19 in /home/u131168/.local/lib/python3.10/site-packages (from sympy->torch->-r requirements.txt (line 2)) (1.3.0)
Collecting git+https://github.com/huggingface/transformers
  Cloning https://github.com/huggingface/transformers to /tmp/pip-req-build-0ixh0kko
  Running command git clone --filter=blob:none --quiet https://github.com/huggingface/transformers /tmp/pip-req-build-0ixh0kko
  Resolved https://github.com/huggingface/transformers to commit 43bfd093e1817c0333a1e10fcbdd54f1032baad0
  Installing build dependencies: started
  Installing build dependencies: finished with status 'done'
  Getting requirements to build wheel: started
  Getting requirements to build wheel: finished with status 'done'
  Preparing metadata (pyproject.toml): started
  Preparing metadata (pyproject.toml): finished with status 'done'
Requirement already satisfied: filelock in /home/u131168/.local/lib/python3.10/site-packages (from transformers==4.35.0.dev0) (3.12.4)
Requirement already satisfied: huggingface-hub<1.0,>=0.16.4 in /home/u131168/.local/lib/python3.10/site-packages (from transformers==4.35.0.dev0) (0.16.4)
Requirement already satisfied: regex!=2019.12.17 in /home/u131168/.local/lib/python3.10/site-packages (from transformers==4.35.0.dev0) (2023.8.8)
Requirement already satisfied: packaging>=20.0 in /opt/miniconda/lib/python3.10/site-packages (from transformers==4.35.0.dev0) (23.0)
Requirement already satisfied: tokenizers<0.15,>=0.14 in /home/u131168/.local/lib/python3.10/site-packages (from transformers==4.35.0.dev0) (0.14.0)
Requirement already satisfied: pyyaml>=5.1 in /home/u131168/.local/lib/python3.10/site-packages (from transformers==4.35.0.dev0) (6.0.1)
Requirement already satisfied: requests in /opt/miniconda/lib/python3.10/site-packages (from transformers==4.35.0.dev0) (2.28.1)
Requirement already satisfied: numpy>=1.17 in /home/u131168/.local/lib/python3.10/site-packages (from transformers==4.35.0.dev0) (1.26.0)
Requirement already satisfied: safetensors>=0.3.1 in /home/u131168/.local/lib/python3.10/site-packages (from transformers==4.35.0.dev0) (0.3.3)
Requirement already satisfied: tqdm>=4.27 in /opt/miniconda/lib/python3.10/site-packages (from transformers==4.35.0.dev0) (4.65.0)
Requirement already satisfied: typing-extensions>=3.7.4.3 in /home/u131168/.local/lib/python3.10/site-packages (from huggingface-hub<1.0,>=0.16.4->transformers==4.35.0.dev0) (4.8.0)
Requirement already satisfied: fsspec in /home/u131168/.local/lib/python3.10/site-packages (from huggingface-hub<1.0,>=0.16.4->transformers==4.35.0.dev0) (2023.6.0)
Requirement already satisfied: charset-normalizer<3,>=2 in /opt/miniconda/lib/python3.10/site-packages (from requests->transformers==4.35.0.dev0) (2.0.4)
Requirement already satisfied: idna<4,>=2.5 in /opt/miniconda/lib/python3.10/site-packages (from requests->transformers==4.35.0.dev0) (3.4)
Requirement already satisfied: urllib3<1.27,>=1.21.1 in /opt/miniconda/lib/python3.10/site-packages (from requests->transformers==4.35.0.dev0) (1.26.15)
Requirement already satisfied: certifi>=2017.4.17 in /opt/miniconda/lib/python3.10/site-packages (from requests->transformers==4.35.0.dev0) (2023.5.7)
Requirement already satisfied: tokenizers in /home/u131168/.local/lib/python3.10/site-packages (0.14.0)
Requirement already satisfied: huggingface_hub<0.17,>=0.16.4 in /home/u131168/.local/lib/python3.10/site-packages (from tokenizers) (0.16.4)
Requirement already satisfied: fsspec in /home/u131168/.local/lib/python3.10/site-packages (from huggingface_hub<0.17,>=0.16.4->tokenizers) (2023.6.0)
Requirement already satisfied: filelock in /home/u131168/.local/lib/python3.10/site-packages (from huggingface_hub<0.17,>=0.16.4->tokenizers) (3.12.4)
Requirement already satisfied: requests in /opt/miniconda/lib/python3.10/site-packages (from huggingface_hub<0.17,>=0.16.4->tokenizers) (2.28.1)
Requirement already satisfied: typing-extensions>=3.7.4.3 in /home/u131168/.local/lib/python3.10/site-packages (from huggingface_hub<0.17,>=0.16.4->tokenizers) (4.8.0)
Requirement already satisfied: tqdm>=4.42.1 in /opt/miniconda/lib/python3.10/site-packages (from huggingface_hub<0.17,>=0.16.4->tokenizers) (4.65.0)
Requirement already satisfied: packaging>=20.9 in /opt/miniconda/lib/python3.10/site-packages (from huggingface_hub<0.17,>=0.16.4->tokenizers) (23.0)
Requirement already satisfied: pyyaml>=5.1 in /home/u131168/.local/lib/python3.10/site-packages (from huggingface_hub<0.17,>=0.16.4->tokenizers) (6.0.1)
Requirement already satisfied: charset-normalizer<3,>=2 in /opt/miniconda/lib/python3.10/site-packages (from requests->huggingface_hub<0.17,>=0.16.4->tokenizers) (2.0.4)
Requirement already satisfied: certifi>=2017.4.17 in /opt/miniconda/lib/python3.10/site-packages (from requests->huggingface_hub<0.17,>=0.16.4->tokenizers) (2023.5.7)
Requirement already satisfied: idna<4,>=2.5 in /opt/miniconda/lib/python3.10/site-packages (from requests->huggingface_hub<0.17,>=0.16.4->tokenizers) (3.4)
Requirement already satisfied: urllib3<1.27,>=1.21.1 in /opt/miniconda/lib/python3.10/site-packages (from requests->huggingface_hub<0.17,>=0.16.4->tokenizers) (1.26.15)
/home/u131168/mh_shell/ft_models/flan-t5-xl_mt5_v1/checkpoint-6800
/opt/miniconda/lib/python3.10/site-packages/bitsandbytes/cextension.py:34: UserWarning: The installed version of bitsandbytes was compiled without GPU support. 8-bit optimizers, 8-bit multiplication, and GPU quantization are unavailable.
  warn("The installed version of bitsandbytes was compiled without GPU support. "
usage: finetune_seq2seq.py [-h] [--dataset_name DATASET_NAME]
                           [--dataset_config_name DATASET_CONFIG_NAME]
                           [--train_file TRAIN_FILE]
                           [--validation_file VALIDATION_FILE]
                           [--max_train_samples MAX_TRAIN_SAMPLES]
                           [--max_eval_samples MAX_EVAL_SAMPLES]
                           [--max_source_length MAX_SOURCE_LENGTH]
                           [--max_target_length MAX_TARGET_LENGTH]
                           [--streaming [STREAMING]]
                           [--overwrite_cache [OVERWRITE_CACHE]]
                           [--validation_split_percentage VALIDATION_SPLIT_PERCENTAGE]
                           [--preprocessing_num_workers PREPROCESSING_NUM_WORKERS]
                           --model_name_or_path MODEL_NAME_OR_PATH
                           [--config_name CONFIG_NAME]
                           [--tokenizer_name TOKENIZER_NAME]
                           [--cache_dir CACHE_DIR]
                           [--use_fast_tokenizer [USE_FAST_TOKENIZER]]
                           [--no_use_fast_tokenizer]
                           [--model_revision MODEL_REVISION]
                           [--use_auth_token [USE_AUTH_TOKEN]] --output_dir
                           OUTPUT_DIR
                           [--overwrite_output_dir [OVERWRITE_OUTPUT_DIR]]
                           [--do_train [DO_TRAIN]] [--do_eval [DO_EVAL]]
                           [--do_predict [DO_PREDICT]]
                           [--evaluation_strategy {no,steps,epoch}]
                           [--prediction_loss_only [PREDICTION_LOSS_ONLY]]
                           [--per_device_train_batch_size PER_DEVICE_TRAIN_BATCH_SIZE]
                           [--per_device_eval_batch_size PER_DEVICE_EVAL_BATCH_SIZE]
                           [--per_gpu_train_batch_size PER_GPU_TRAIN_BATCH_SIZE]
                           [--per_gpu_eval_batch_size PER_GPU_EVAL_BATCH_SIZE]
                           [--gradient_accumulation_steps GRADIENT_ACCUMULATION_STEPS]
                           [--eval_accumulation_steps EVAL_ACCUMULATION_STEPS]
                           [--eval_delay EVAL_DELAY]
                           [--learning_rate LEARNING_RATE]
                           [--weight_decay WEIGHT_DECAY]
                           [--adam_beta1 ADAM_BETA1] [--adam_beta2 ADAM_BETA2]
                           [--adam_epsilon ADAM_EPSILON]
                           [--max_grad_norm MAX_GRAD_NORM]
                           [--num_train_epochs NUM_TRAIN_EPOCHS]
                           [--max_steps MAX_STEPS]
                           [--lr_scheduler_type {linear,cosine,cosine_with_restarts,polynomial,constant,constant_with_warmup,inverse_sqrt,reduce_lr_on_plateau}]
                           [--warmup_ratio WARMUP_RATIO]
                           [--warmup_steps WARMUP_STEPS]
                           [--log_level {detail,debug,info,warning,error,critical,passive}]
                           [--log_level_replica {detail,debug,info,warning,error,critical,passive}]
                           [--log_on_each_node [LOG_ON_EACH_NODE]]
                           [--no_log_on_each_node] [--logging_dir LOGGING_DIR]
                           [--logging_strategy {no,steps,epoch}]
                           [--logging_first_step [LOGGING_FIRST_STEP]]
                           [--logging_steps LOGGING_STEPS]
                           [--logging_nan_inf_filter [LOGGING_NAN_INF_FILTER]]
                           [--no_logging_nan_inf_filter]
                           [--save_strategy {no,steps,epoch}]
                           [--save_steps SAVE_STEPS]
                           [--save_total_limit SAVE_TOTAL_LIMIT]
                           [--save_safetensors [SAVE_SAFETENSORS]]
                           [--save_on_each_node [SAVE_ON_EACH_NODE]]
                           [--no_cuda [NO_CUDA]] [--use_cpu [USE_CPU]]
                           [--use_mps_device [USE_MPS_DEVICE]] [--seed SEED]
                           [--data_seed DATA_SEED]
                           [--jit_mode_eval [JIT_MODE_EVAL]]
                           [--use_ipex [USE_IPEX]] [--bf16 [BF16]]
                           [--fp16 [FP16]] [--fp16_opt_level FP16_OPT_LEVEL]
                           [--half_precision_backend {auto,cuda_amp,apex,cpu_amp}]
                           [--bf16_full_eval [BF16_FULL_EVAL]]
                           [--fp16_full_eval [FP16_FULL_EVAL]] [--tf32 TF32]
                           [--local_rank LOCAL_RANK]
                           [--ddp_backend {nccl,gloo,mpi,ccl,hccl}]
                           [--tpu_num_cores TPU_NUM_CORES]
                           [--tpu_metrics_debug [TPU_METRICS_DEBUG]]
                           [--debug DEBUG [DEBUG ...]]
                           [--dataloader_drop_last [DATALOADER_DROP_LAST]]
                           [--eval_steps EVAL_STEPS]
                           [--dataloader_num_workers DATALOADER_NUM_WORKERS]
                           [--past_index PAST_INDEX] [--run_name RUN_NAME]
                           [--disable_tqdm DISABLE_TQDM]
                           [--remove_unused_columns [REMOVE_UNUSED_COLUMNS]]
                           [--no_remove_unused_columns]
                           [--label_names LABEL_NAMES [LABEL_NAMES ...]]
                           [--load_best_model_at_end [LOAD_BEST_MODEL_AT_END]]
                           [--metric_for_best_model METRIC_FOR_BEST_MODEL]
                           [--greater_is_better GREATER_IS_BETTER]
                           [--ignore_data_skip [IGNORE_DATA_SKIP]]
                           [--sharded_ddp SHARDED_DDP] [--fsdp FSDP]
                           [--fsdp_min_num_params FSDP_MIN_NUM_PARAMS]
                           [--fsdp_config FSDP_CONFIG]
                           [--fsdp_transformer_layer_cls_to_wrap FSDP_TRANSFORMER_LAYER_CLS_TO_WRAP]
                           [--deepspeed DEEPSPEED]
                           [--label_smoothing_factor LABEL_SMOOTHING_FACTOR]
                           [--optim {adamw_hf,adamw_torch,adamw_torch_fused,adamw_torch_xla,adamw_apex_fused,adafactor,adamw_anyprecision,sgd,adagrad,adamw_bnb_8bit,adamw_8bit,lion_8bit,lion_32bit,paged_adamw_32bit,paged_adamw_8bit,paged_lion_32bit,paged_lion_8bit,rmsprop}]
                           [--optim_args OPTIM_ARGS] [--adafactor [ADAFACTOR]]
                           [--group_by_length [GROUP_BY_LENGTH]]
                           [--length_column_name LENGTH_COLUMN_NAME]
                           [--report_to REPORT_TO [REPORT_TO ...]]
                           [--ddp_find_unused_parameters DDP_FIND_UNUSED_PARAMETERS]
                           [--ddp_bucket_cap_mb DDP_BUCKET_CAP_MB]
                           [--ddp_broadcast_buffers DDP_BROADCAST_BUFFERS]
                           [--dataloader_pin_memory [DATALOADER_PIN_MEMORY]]
                           [--no_dataloader_pin_memory]
                           [--skip_memory_metrics [SKIP_MEMORY_METRICS]]
                           [--no_skip_memory_metrics]
                           [--use_legacy_prediction_loop [USE_LEGACY_PREDICTION_LOOP]]
                           [--push_to_hub [PUSH_TO_HUB]]
                           [--resume_from_checkpoint RESUME_FROM_CHECKPOINT]
                           [--hub_model_id HUB_MODEL_ID]
                           [--hub_strategy {end,every_save,checkpoint,all_checkpoints}]
                           [--hub_token HUB_TOKEN]
                           [--hub_private_repo [HUB_PRIVATE_REPO]]
                           [--hub_always_push [HUB_ALWAYS_PUSH]]
                           [--gradient_checkpointing [GRADIENT_CHECKPOINTING]]
                           [--include_inputs_for_metrics [INCLUDE_INPUTS_FOR_METRICS]]
                           [--fp16_backend {auto,cuda_amp,apex,cpu_amp}]
                           [--push_to_hub_model_id PUSH_TO_HUB_MODEL_ID]
                           [--push_to_hub_organization PUSH_TO_HUB_ORGANIZATION]
                           [--push_to_hub_token PUSH_TO_HUB_TOKEN]
                           [--mp_parameters MP_PARAMETERS]
                           [--auto_find_batch_size [AUTO_FIND_BATCH_SIZE]]
                           [--full_determinism [FULL_DETERMINISM]]
                           [--torchdynamo TORCHDYNAMO] [--ray_scope RAY_SCOPE]
                           [--ddp_timeout DDP_TIMEOUT]
                           [--torch_compile [TORCH_COMPILE]]
                           [--torch_compile_backend TORCH_COMPILE_BACKEND]
                           [--torch_compile_mode TORCH_COMPILE_MODE]
                           [--dispatch_batches DISPATCH_BATCHES]
                           [--include_tokens_per_second [INCLUDE_TOKENS_PER_SECOND]]
                           [--sortish_sampler [SORTISH_SAMPLER]]
                           [--predict_with_generate [PREDICT_WITH_GENERATE]]
                           [--generation_max_length GENERATION_MAX_LENGTH]
                           [--generation_num_beams GENERATION_NUM_BEAMS]
                           [--generation_config GENERATION_CONFIG]
                           [--lora_rank LORA_RANK] [--lora_alpha LORA_ALPHA]
                           [--lora_dropout LORA_DROPOUT]
                           [--lora_target_modules LORA_TARGET_MODULES [LORA_TARGET_MODULES ...]]
                           [--peft {lora}]
finetune_seq2seq.py: error: argument --model_name_or_path: expected one argument
/opt/miniconda/lib/python3.10/site-packages/bitsandbytes/libbitsandbytes_cpu.so: undefined symbol: cadam32bit_grad_fp32
-------------------starting-script
finished fine tuning model
