got current job name=fts1
new job name=fts2
new job created with id: 29067
----------checking if gpu available on current job-----------------
no change     /opt/intel/oneapi/intelpython/latest/condabin/conda
no change     /opt/intel/oneapi/intelpython/latest/bin/conda
no change     /opt/intel/oneapi/intelpython/latest/bin/conda-env
no change     /opt/intel/oneapi/intelpython/latest/bin/activate
no change     /opt/intel/oneapi/intelpython/latest/bin/deactivate
no change     /opt/intel/oneapi/intelpython/latest/etc/profile.d/conda.sh
no change     /opt/intel/oneapi/intelpython/latest/etc/fish/conf.d/conda.fish
no change     /opt/intel/oneapi/intelpython/latest/shell/condabin/Conda.psm1
no change     /opt/intel/oneapi/intelpython/latest/shell/condabin/conda-hook.ps1
no change     /opt/intel/oneapi/intelpython/latest/lib/python3.9/site-packages/xontrib/conda.xsh
no change     /opt/intel/oneapi/intelpython/latest/etc/profile.d/conda.csh
no change     /opt/intel/oneapi/intelpython/latest/etc/profile.d/conda.ksh
no change     /home/u131168/.bashrc
No action taken.
-------------------------------------------
users render freetier premium
 
:: initializing oneAPI environment ...
   slurm_script: BASH_VERSION = 5.1.16(1)-release
   args: Using "$@" for setvars.sh arguments: --force
:: advisor -- latest
:: ccl -- latest
:: compiler -- latest
:: dal -- latest
:: debugger -- latest
:: dev-utilities -- latest
:: dnnl -- latest
:: dpcpp-ct -- latest
:: dpl -- latest
:: embree -- latest
:: inspector -- latest
:: intelpython -- latest

CommandNotFoundError: Your shell has not been properly configured to use 'conda deactivate'.
To initialize your shell, run

    $ conda init <SHELL_NAME>

Currently supported shells are:
  - bash
  - fish
  - tcsh
  - xonsh
  - zsh
  - powershell

See 'conda init --help' for more information and options.

IMPORTANT: You may need to close and restart your shell after running 'conda init'.



CommandNotFoundError: Your shell has not been properly configured to use 'conda deactivate'.
To initialize your shell, run

    $ conda init <SHELL_NAME>

Currently supported shells are:
  - bash
  - fish
  - tcsh
  - xonsh
  - zsh
  - powershell

See 'conda init --help' for more information and options.

IMPORTANT: You may need to close and restart your shell after running 'conda init'.



CommandNotFoundError: Your shell has not been properly configured to use 'conda deactivate'.
To initialize your shell, run

    $ conda init <SHELL_NAME>

Currently supported shells are:
  - bash
  - fish
  - tcsh
  - xonsh
  - zsh
  - powershell

See 'conda init --help' for more information and options.

IMPORTANT: You may need to close and restart your shell after running 'conda init'.


:: ipp -- latest
:: ippcp -- latest
:: ispc -- latest
:: itac -- latest
:: mkl -- latest
:: modelzoo -- latest
:: modin -- latest
:: mpi -- latest
:: neural-compressor -- latest
:: oidn -- latest
:: openpgl -- latest
:: openvkl -- latest
:: ospray -- latest
:: ospray_studio -- latest
:: pytorch -- latest
:: rkcommon -- latest
:: rkutil -- latest
:: tbb -- latest
:: tensorflow -- latest
:: vtune -- latest
:: oneAPI environment initialized ::
 
Warning: ONEAPI_DEVICE_SELECTOR environment variable is set to opencl:cpu;opencl:fpga;level_zero:1.
To see the correct device id, please unset ONEAPI_DEVICE_SELECTOR.

[opencl:cpu:0] Intel(R) OpenCL, Intel(R) Xeon(R) Platinum 8480+ 3.0 [2023.16.7.0.21_160000]
[opencl:acc:1] Intel(R) FPGA Emulation Platform for OpenCL(TM), Intel(R) FPGA Emulation Device 1.2 [2023.16.7.0.21_160000]
[opencl:cpu:2] Intel(R) OpenCL, Intel(R) Xeon(R) Platinum 8480+ 3.0 [2023.16.7.0.21_160000]
[ext_oneapi_level_zero:gpu:0] Intel(R) Level-Zero, Intel(R) Data Center GPU Max 1100 1.3 [1.3.26516]
Warning: ONEAPI_DEVICE_SELECTOR environment variable is set to opencl:cpu;opencl:fpga;level_zero:1.
To see the correct device id, please unset ONEAPI_DEVICE_SELECTOR.

num_gpu=1\n
Warning: ONEAPI_DEVICE_SELECTOR environment variable is set to opencl:cpu;opencl:fpga;level_zero:1.
To see the correct device id, please unset ONEAPI_DEVICE_SELECTOR.

num_cpu=2\n
/var/spool/slurmd/job29066/slurm_script: line 36: [: missing `]'
-------------------------------------------
starting fine tuning model
Defaulting to user installation because normal site-packages is not writeable
Requirement already satisfied: datasets in /home/u131168/.local/lib/python3.9/site-packages (from -r requirements.txt (line 1)) (2.14.5)
Requirement already satisfied: torch in /home/u131168/.local/lib/python3.9/site-packages (from -r requirements.txt (line 2)) (2.1.0)
Requirement already satisfied: transformers>=4.32.0 in /home/u131168/.local/lib/python3.9/site-packages (from -r requirements.txt (line 3)) (4.35.0.dev0)
Requirement already satisfied: sentencepiece in /home/u131168/.local/lib/python3.9/site-packages (from -r requirements.txt (line 4)) (0.1.99)
Requirement already satisfied: peft in /home/u131168/.local/lib/python3.9/site-packages (from -r requirements.txt (line 5)) (0.5.0)
Requirement already satisfied: evaluate in /home/u131168/.local/lib/python3.9/site-packages (from -r requirements.txt (line 6)) (0.4.0)
Requirement already satisfied: nltk in /home/u131168/.local/lib/python3.9/site-packages (from -r requirements.txt (line 7)) (3.8.1)
Requirement already satisfied: rouge_score in /home/u131168/.local/lib/python3.9/site-packages (from -r requirements.txt (line 8)) (0.1.2)
Requirement already satisfied: einops in /home/u131168/.local/lib/python3.9/site-packages (from -r requirements.txt (line 9)) (0.7.0)
Requirement already satisfied: numpy>=1.17 in /opt/intel/oneapi/intelpython/python3.9/lib/python3.9/site-packages (from datasets->-r requirements.txt (line 1)) (1.24.3)
Requirement already satisfied: pyarrow>=8.0.0 in /home/u131168/.local/lib/python3.9/site-packages (from datasets->-r requirements.txt (line 1)) (13.0.0)
Requirement already satisfied: dill<0.3.8,>=0.3.0 in /home/u131168/.local/lib/python3.9/site-packages (from datasets->-r requirements.txt (line 1)) (0.3.7)
Requirement already satisfied: pandas in /home/u131168/.local/lib/python3.9/site-packages (from datasets->-r requirements.txt (line 1)) (2.1.1)
Requirement already satisfied: requests>=2.19.0 in /opt/intel/oneapi/intelpython/python3.9/lib/python3.9/site-packages (from datasets->-r requirements.txt (line 1)) (2.31.0)
Requirement already satisfied: tqdm>=4.62.1 in /home/u131168/.local/lib/python3.9/site-packages (from datasets->-r requirements.txt (line 1)) (4.66.1)
Requirement already satisfied: xxhash in /home/u131168/.local/lib/python3.9/site-packages (from datasets->-r requirements.txt (line 1)) (3.4.1)
Requirement already satisfied: multiprocess in /home/u131168/.local/lib/python3.9/site-packages (from datasets->-r requirements.txt (line 1)) (0.70.15)
Requirement already satisfied: fsspec[http]<2023.9.0,>=2023.1.0 in /home/u131168/.local/lib/python3.9/site-packages (from datasets->-r requirements.txt (line 1)) (2023.6.0)
Requirement already satisfied: aiohttp in /home/u131168/.local/lib/python3.9/site-packages (from datasets->-r requirements.txt (line 1)) (3.8.6)
Requirement already satisfied: huggingface-hub<1.0.0,>=0.14.0 in /home/u131168/.local/lib/python3.9/site-packages (from datasets->-r requirements.txt (line 1)) (0.17.3)
Requirement already satisfied: packaging in /opt/intel/oneapi/intelpython/python3.9/lib/python3.9/site-packages (from datasets->-r requirements.txt (line 1)) (23.1)
Requirement already satisfied: pyyaml>=5.1 in /opt/intel/oneapi/intelpython/python3.9/lib/python3.9/site-packages (from datasets->-r requirements.txt (line 1)) (6.0)
Requirement already satisfied: filelock in /home/u131168/.local/lib/python3.9/site-packages (from torch->-r requirements.txt (line 2)) (3.12.4)
Requirement already satisfied: typing-extensions in /opt/intel/oneapi/intelpython/python3.9/lib/python3.9/site-packages (from torch->-r requirements.txt (line 2)) (4.6.3)
Requirement already satisfied: sympy in /home/u131168/.local/lib/python3.9/site-packages (from torch->-r requirements.txt (line 2)) (1.12)
Requirement already satisfied: networkx in /home/u131168/.local/lib/python3.9/site-packages (from torch->-r requirements.txt (line 2)) (3.1)
Requirement already satisfied: jinja2 in /home/u131168/.local/lib/python3.9/site-packages (from torch->-r requirements.txt (line 2)) (3.1.2)
Requirement already satisfied: nvidia-cuda-nvrtc-cu12==12.1.105 in /home/u131168/.local/lib/python3.9/site-packages (from torch->-r requirements.txt (line 2)) (12.1.105)
Requirement already satisfied: nvidia-cuda-runtime-cu12==12.1.105 in /home/u131168/.local/lib/python3.9/site-packages (from torch->-r requirements.txt (line 2)) (12.1.105)
Requirement already satisfied: nvidia-cuda-cupti-cu12==12.1.105 in /home/u131168/.local/lib/python3.9/site-packages (from torch->-r requirements.txt (line 2)) (12.1.105)
Requirement already satisfied: nvidia-cudnn-cu12==8.9.2.26 in /home/u131168/.local/lib/python3.9/site-packages (from torch->-r requirements.txt (line 2)) (8.9.2.26)
Requirement already satisfied: nvidia-cublas-cu12==12.1.3.1 in /home/u131168/.local/lib/python3.9/site-packages (from torch->-r requirements.txt (line 2)) (12.1.3.1)
Requirement already satisfied: nvidia-cufft-cu12==11.0.2.54 in /home/u131168/.local/lib/python3.9/site-packages (from torch->-r requirements.txt (line 2)) (11.0.2.54)
Requirement already satisfied: nvidia-curand-cu12==10.3.2.106 in /home/u131168/.local/lib/python3.9/site-packages (from torch->-r requirements.txt (line 2)) (10.3.2.106)
Requirement already satisfied: nvidia-cusolver-cu12==11.4.5.107 in /home/u131168/.local/lib/python3.9/site-packages (from torch->-r requirements.txt (line 2)) (11.4.5.107)
Requirement already satisfied: nvidia-cusparse-cu12==12.1.0.106 in /home/u131168/.local/lib/python3.9/site-packages (from torch->-r requirements.txt (line 2)) (12.1.0.106)
Requirement already satisfied: nvidia-nccl-cu12==2.18.1 in /home/u131168/.local/lib/python3.9/site-packages (from torch->-r requirements.txt (line 2)) (2.18.1)
Requirement already satisfied: nvidia-nvtx-cu12==12.1.105 in /home/u131168/.local/lib/python3.9/site-packages (from torch->-r requirements.txt (line 2)) (12.1.105)
Requirement already satisfied: triton==2.1.0 in /home/u131168/.local/lib/python3.9/site-packages (from torch->-r requirements.txt (line 2)) (2.1.0)
Requirement already satisfied: nvidia-nvjitlink-cu12 in /home/u131168/.local/lib/python3.9/site-packages (from nvidia-cusolver-cu12==11.4.5.107->torch->-r requirements.txt (line 2)) (12.2.140)
Requirement already satisfied: regex!=2019.12.17 in /home/u131168/.local/lib/python3.9/site-packages (from transformers>=4.32.0->-r requirements.txt (line 3)) (2023.10.3)
Requirement already satisfied: tokenizers<0.15,>=0.14 in /home/u131168/.local/lib/python3.9/site-packages (from transformers>=4.32.0->-r requirements.txt (line 3)) (0.14.1)
Requirement already satisfied: safetensors>=0.3.1 in /home/u131168/.local/lib/python3.9/site-packages (from transformers>=4.32.0->-r requirements.txt (line 3)) (0.4.0)
Requirement already satisfied: psutil in /home/u131168/.local/lib/python3.9/site-packages (from peft->-r requirements.txt (line 5)) (5.9.5)
Requirement already satisfied: accelerate in /home/u131168/.local/lib/python3.9/site-packages (from peft->-r requirements.txt (line 5)) (0.23.0)
Requirement already satisfied: responses<0.19 in /home/u131168/.local/lib/python3.9/site-packages (from evaluate->-r requirements.txt (line 6)) (0.18.0)
Requirement already satisfied: click in /home/u131168/.local/lib/python3.9/site-packages (from nltk->-r requirements.txt (line 7)) (8.1.7)
Requirement already satisfied: joblib in /opt/intel/oneapi/intelpython/python3.9/lib/python3.9/site-packages (from nltk->-r requirements.txt (line 7)) (1.2.0)
Requirement already satisfied: absl-py in /home/u131168/.local/lib/python3.9/site-packages (from rouge_score->-r requirements.txt (line 8)) (2.0.0)
Requirement already satisfied: six>=1.14.0 in /opt/intel/oneapi/intelpython/python3.9/lib/python3.9/site-packages (from rouge_score->-r requirements.txt (line 8)) (1.16.0)
Requirement already satisfied: attrs>=17.3.0 in /home/u131168/.local/lib/python3.9/site-packages (from aiohttp->datasets->-r requirements.txt (line 1)) (23.1.0)
Requirement already satisfied: charset-normalizer<4.0,>=2.0 in /opt/intel/oneapi/intelpython/python3.9/lib/python3.9/site-packages (from aiohttp->datasets->-r requirements.txt (line 1)) (3.1.0)
Requirement already satisfied: multidict<7.0,>=4.5 in /home/u131168/.local/lib/python3.9/site-packages (from aiohttp->datasets->-r requirements.txt (line 1)) (6.0.4)
Requirement already satisfied: async-timeout<5.0,>=4.0.0a3 in /home/u131168/.local/lib/python3.9/site-packages (from aiohttp->datasets->-r requirements.txt (line 1)) (4.0.3)
Requirement already satisfied: yarl<2.0,>=1.0 in /home/u131168/.local/lib/python3.9/site-packages (from aiohttp->datasets->-r requirements.txt (line 1)) (1.9.2)
Requirement already satisfied: frozenlist>=1.1.1 in /home/u131168/.local/lib/python3.9/site-packages (from aiohttp->datasets->-r requirements.txt (line 1)) (1.4.0)
Requirement already satisfied: aiosignal>=1.1.2 in /home/u131168/.local/lib/python3.9/site-packages (from aiohttp->datasets->-r requirements.txt (line 1)) (1.3.1)
Requirement already satisfied: idna<4,>=2.5 in /opt/intel/oneapi/intelpython/python3.9/lib/python3.9/site-packages (from requests>=2.19.0->datasets->-r requirements.txt (line 1)) (3.4)
Requirement already satisfied: urllib3<3,>=1.21.1 in /opt/intel/oneapi/intelpython/python3.9/lib/python3.9/site-packages (from requests>=2.19.0->datasets->-r requirements.txt (line 1)) (2.0.3)
Requirement already satisfied: certifi>=2017.4.17 in /opt/intel/oneapi/intelpython/python3.9/lib/python3.9/site-packages (from requests>=2.19.0->datasets->-r requirements.txt (line 1)) (2023.7.22)
Requirement already satisfied: MarkupSafe>=2.0 in /home/u131168/.local/lib/python3.9/site-packages (from jinja2->torch->-r requirements.txt (line 2)) (2.1.3)
Requirement already satisfied: python-dateutil>=2.8.2 in /opt/intel/oneapi/intelpython/python3.9/lib/python3.9/site-packages (from pandas->datasets->-r requirements.txt (line 1)) (2.8.2)
Requirement already satisfied: pytz>=2020.1 in /opt/intel/oneapi/intelpython/python3.9/lib/python3.9/site-packages (from pandas->datasets->-r requirements.txt (line 1)) (2023.3)
Requirement already satisfied: tzdata>=2022.1 in /home/u131168/.local/lib/python3.9/site-packages (from pandas->datasets->-r requirements.txt (line 1)) (2023.3)
Requirement already satisfied: mpmath>=0.19 in /home/u131168/.local/lib/python3.9/site-packages (from sympy->torch->-r requirements.txt (line 2)) (1.3.0)
Defaulting to user installation because normal site-packages is not writeable
Collecting git+https://github.com/huggingface/transformers
  Cloning https://github.com/huggingface/transformers to /tmp/pip-req-build-hip688f4
  Running command git clone --filter=blob:none --quiet https://github.com/huggingface/transformers /tmp/pip-req-build-hip688f4
  Resolved https://github.com/huggingface/transformers to commit e8fdd7875def7be59e2c9b823705fbf003163ea0
  Installing build dependencies: started
  Installing build dependencies: finished with status 'done'
  Getting requirements to build wheel: started
  Getting requirements to build wheel: finished with status 'done'
  Preparing metadata (pyproject.toml): started
  Preparing metadata (pyproject.toml): finished with status 'done'
Requirement already satisfied: filelock in /home/u131168/.local/lib/python3.9/site-packages (from transformers==4.35.0.dev0) (3.12.4)
Requirement already satisfied: huggingface-hub<1.0,>=0.16.4 in /home/u131168/.local/lib/python3.9/site-packages (from transformers==4.35.0.dev0) (0.17.3)
Requirement already satisfied: numpy>=1.17 in /opt/intel/oneapi/intelpython/python3.9/lib/python3.9/site-packages (from transformers==4.35.0.dev0) (1.24.3)
Requirement already satisfied: packaging>=20.0 in /opt/intel/oneapi/intelpython/python3.9/lib/python3.9/site-packages (from transformers==4.35.0.dev0) (23.1)
Requirement already satisfied: pyyaml>=5.1 in /opt/intel/oneapi/intelpython/python3.9/lib/python3.9/site-packages (from transformers==4.35.0.dev0) (6.0)
Requirement already satisfied: regex!=2019.12.17 in /home/u131168/.local/lib/python3.9/site-packages (from transformers==4.35.0.dev0) (2023.10.3)
Requirement already satisfied: requests in /opt/intel/oneapi/intelpython/python3.9/lib/python3.9/site-packages (from transformers==4.35.0.dev0) (2.31.0)
Requirement already satisfied: tokenizers<0.15,>=0.14 in /home/u131168/.local/lib/python3.9/site-packages (from transformers==4.35.0.dev0) (0.14.1)
Requirement already satisfied: safetensors>=0.3.1 in /home/u131168/.local/lib/python3.9/site-packages (from transformers==4.35.0.dev0) (0.4.0)
Requirement already satisfied: tqdm>=4.27 in /home/u131168/.local/lib/python3.9/site-packages (from transformers==4.35.0.dev0) (4.66.1)
Requirement already satisfied: fsspec in /home/u131168/.local/lib/python3.9/site-packages (from huggingface-hub<1.0,>=0.16.4->transformers==4.35.0.dev0) (2023.6.0)
Requirement already satisfied: typing-extensions>=3.7.4.3 in /opt/intel/oneapi/intelpython/python3.9/lib/python3.9/site-packages (from huggingface-hub<1.0,>=0.16.4->transformers==4.35.0.dev0) (4.6.3)
Requirement already satisfied: charset-normalizer<4,>=2 in /opt/intel/oneapi/intelpython/python3.9/lib/python3.9/site-packages (from requests->transformers==4.35.0.dev0) (3.1.0)
Requirement already satisfied: idna<4,>=2.5 in /opt/intel/oneapi/intelpython/python3.9/lib/python3.9/site-packages (from requests->transformers==4.35.0.dev0) (3.4)
Requirement already satisfied: urllib3<3,>=1.21.1 in /opt/intel/oneapi/intelpython/python3.9/lib/python3.9/site-packages (from requests->transformers==4.35.0.dev0) (2.0.3)
Requirement already satisfied: certifi>=2017.4.17 in /opt/intel/oneapi/intelpython/python3.9/lib/python3.9/site-packages (from requests->transformers==4.35.0.dev0) (2023.7.22)
Defaulting to user installation because normal site-packages is not writeable
Requirement already satisfied: tokenizers in /home/u131168/.local/lib/python3.9/site-packages (0.14.1)
Requirement already satisfied: huggingface_hub<0.18,>=0.16.4 in /home/u131168/.local/lib/python3.9/site-packages (from tokenizers) (0.17.3)
Requirement already satisfied: filelock in /home/u131168/.local/lib/python3.9/site-packages (from huggingface_hub<0.18,>=0.16.4->tokenizers) (3.12.4)
Requirement already satisfied: fsspec in /home/u131168/.local/lib/python3.9/site-packages (from huggingface_hub<0.18,>=0.16.4->tokenizers) (2023.6.0)
Requirement already satisfied: requests in /opt/intel/oneapi/intelpython/python3.9/lib/python3.9/site-packages (from huggingface_hub<0.18,>=0.16.4->tokenizers) (2.31.0)
Requirement already satisfied: tqdm>=4.42.1 in /home/u131168/.local/lib/python3.9/site-packages (from huggingface_hub<0.18,>=0.16.4->tokenizers) (4.66.1)
Requirement already satisfied: pyyaml>=5.1 in /opt/intel/oneapi/intelpython/python3.9/lib/python3.9/site-packages (from huggingface_hub<0.18,>=0.16.4->tokenizers) (6.0)
Requirement already satisfied: typing-extensions>=3.7.4.3 in /opt/intel/oneapi/intelpython/python3.9/lib/python3.9/site-packages (from huggingface_hub<0.18,>=0.16.4->tokenizers) (4.6.3)
Requirement already satisfied: packaging>=20.9 in /opt/intel/oneapi/intelpython/python3.9/lib/python3.9/site-packages (from huggingface_hub<0.18,>=0.16.4->tokenizers) (23.1)
Requirement already satisfied: charset-normalizer<4,>=2 in /opt/intel/oneapi/intelpython/python3.9/lib/python3.9/site-packages (from requests->huggingface_hub<0.18,>=0.16.4->tokenizers) (3.1.0)
Requirement already satisfied: idna<4,>=2.5 in /opt/intel/oneapi/intelpython/python3.9/lib/python3.9/site-packages (from requests->huggingface_hub<0.18,>=0.16.4->tokenizers) (3.4)
Requirement already satisfied: urllib3<3,>=1.21.1 in /opt/intel/oneapi/intelpython/python3.9/lib/python3.9/site-packages (from requests->huggingface_hub<0.18,>=0.16.4->tokenizers) (2.0.3)
Requirement already satisfied: certifi>=2017.4.17 in /opt/intel/oneapi/intelpython/python3.9/lib/python3.9/site-packages (from requests->huggingface_hub<0.18,>=0.16.4->tokenizers) (2023.7.22)
/home/u131168/mh_shell/ft_models/flan-t5-xl_mt5_v4/checkpoint-25000
Intel(R) Extension for Scikit-learn* enabled (https://github.com/intel/scikit-learn-intelex)
-------------------starting-script
-------------------setting up-logging
10/10/2023 10:05:35 - WARNING - __main__ - Process rank: 0, device: cpu, n_gpu: 0distributed training: True, 16-bits training: False
10/10/2023 10:05:35 - INFO - __main__ - Training/evaluation parameters Seq2SeqTrainingArguments(
_n_gpu=0,
adafactor=False,
adam_beta1=0.9,
adam_beta2=0.999,
adam_epsilon=1e-08,
auto_find_batch_size=False,
bf16=True,
bf16_full_eval=False,
data_seed=None,
dataloader_drop_last=False,
dataloader_num_workers=0,
dataloader_pin_memory=True,
ddp_backend=None,
ddp_broadcast_buffers=None,
ddp_bucket_cap_mb=None,
ddp_find_unused_parameters=None,
ddp_timeout=1800,
debug=[],
deepspeed=None,
disable_tqdm=False,
dispatch_batches=None,
do_eval=False,
do_predict=False,
do_train=True,
eval_accumulation_steps=None,
eval_delay=0,
eval_steps=None,
evaluation_strategy=no,
fp16=False,
fp16_backend=auto,
fp16_full_eval=False,
fp16_opt_level=O1,
fsdp=[],
fsdp_config={'min_num_params': 0, 'xla': False, 'xla_fsdp_grad_ckpt': False},
fsdp_min_num_params=0,
fsdp_transformer_layer_cls_to_wrap=None,
full_determinism=False,
generation_config=None,
generation_max_length=None,
generation_num_beams=None,
gradient_accumulation_steps=1,
gradient_checkpointing=False,
greater_is_better=None,
group_by_length=False,
half_precision_backend=auto,
hub_always_push=False,
hub_model_id=None,
hub_private_repo=False,
hub_strategy=every_save,
hub_token=<HUB_TOKEN>,
ignore_data_skip=False,
include_inputs_for_metrics=False,
include_tokens_per_second=False,
jit_mode_eval=False,
label_names=None,
label_smoothing_factor=0.0,
learning_rate=1e-05,
length_column_name=length,
load_best_model_at_end=False,
local_rank=0,
log_level=passive,
log_level_replica=warning,
log_on_each_node=True,
logging_dir=/home/u131168/mh_shell/ft_models/flan-t5-xl_mt5_v4/runs/Oct10_10-05-35_idc-beta-batch-pvc-node-06,
logging_first_step=False,
logging_nan_inf_filter=True,
logging_steps=10,
logging_strategy=steps,
lr_scheduler_type=linear,
max_grad_norm=1.0,
max_steps=-1,
metric_for_best_model=None,
mp_parameters=,
no_cuda=False,
num_train_epochs=1.0,
optim=adamw_torch,
optim_args=None,
output_dir=/home/u131168/mh_shell/ft_models/flan-t5-xl_mt5_v4/,
overwrite_output_dir=True,
past_index=-1,
per_device_eval_batch_size=2,
per_device_train_batch_size=2,
predict_with_generate=False,
prediction_loss_only=False,
push_to_hub=False,
push_to_hub_model_id=None,
push_to_hub_organization=None,
push_to_hub_token=<PUSH_TO_HUB_TOKEN>,
ray_scope=last,
remove_unused_columns=True,
report_to=[],
resume_from_checkpoint=/home/u131168/mh_shell/ft_models/flan-t5-xl_mt5_v4/checkpoint-25000,
run_name=/home/u131168/mh_shell/ft_models/flan-t5-xl_mt5_v4/,
save_on_each_node=False,
save_safetensors=False,
save_steps=100,
save_strategy=steps,
save_total_limit=2,
seed=42,
skip_memory_metrics=True,
sortish_sampler=False,
tf32=None,
torch_compile=False,
torch_compile_backend=None,
torch_compile_mode=None,
torchdynamo=None,
tpu_metrics_debug=False,
tpu_num_cores=None,
use_cpu=False,
use_ipex=False,
use_legacy_prediction_loop=False,
use_mps_device=False,
warmup_ratio=0.03,
warmup_steps=0,
weight_decay=0.0,
)
/home/u131168/.local/lib/python3.9/site-packages/datasets/load.py:2089: FutureWarning: 'use_auth_token' was deprecated in favor of 'token' in version 2.14.0 and will be removed in 3.0.0.
You can remove this warning by passing 'token=None' instead.
  warnings.warn(
Using custom data configuration default-44e69619db051a73
----------------------detecting checkpoint
10/10/2023 10:05:35 - INFO - datasets.builder - Using custom data configuration default-44e69619db051a73
Loading Dataset Infos from /home/u131168/.local/lib/python3.9/site-packages/datasets/packaged_modules/csv
10/10/2023 10:05:35 - INFO - datasets.info - Loading Dataset Infos from /home/u131168/.local/lib/python3.9/site-packages/datasets/packaged_modules/csv
Overwrite dataset info from restored data version if exists.
10/10/2023 10:05:35 - INFO - datasets.builder - Overwrite dataset info from restored data version if exists.
Loading Dataset info from /home/u131168/.cache/huggingface/datasets/csv/default-44e69619db051a73/0.0.0/eea64c71ca8b46dd3f537ed218fc9bf495d5707789152eb2764f5c78fa66d59d
10/10/2023 10:05:35 - INFO - datasets.info - Loading Dataset info from /home/u131168/.cache/huggingface/datasets/csv/default-44e69619db051a73/0.0.0/eea64c71ca8b46dd3f537ed218fc9bf495d5707789152eb2764f5c78fa66d59d
Found cached dataset csv (/home/u131168/.cache/huggingface/datasets/csv/default-44e69619db051a73/0.0.0/eea64c71ca8b46dd3f537ed218fc9bf495d5707789152eb2764f5c78fa66d59d)
10/10/2023 10:05:35 - INFO - datasets.builder - Found cached dataset csv (/home/u131168/.cache/huggingface/datasets/csv/default-44e69619db051a73/0.0.0/eea64c71ca8b46dd3f537ed218fc9bf495d5707789152eb2764f5c78fa66d59d)
Loading Dataset info from /home/u131168/.cache/huggingface/datasets/csv/default-44e69619db051a73/0.0.0/eea64c71ca8b46dd3f537ed218fc9bf495d5707789152eb2764f5c78fa66d59d
10/10/2023 10:05:35 - INFO - datasets.info - Loading Dataset info from /home/u131168/.cache/huggingface/datasets/csv/default-44e69619db051a73/0.0.0/eea64c71ca8b46dd3f537ed218fc9bf495d5707789152eb2764f5c78fa66d59d
[INFO|tokenization_utils_base.py:2053] 2023-10-10 10:05:36,653 >> loading file spiece.model from cache at /home/u131168/.cache/huggingface/hub/models--google--flan-t5-xl/snapshots/8772db7a7a11f7b08e6be7d7088f7a7fd4813bc5/spiece.model
[INFO|tokenization_utils_base.py:2053] 2023-10-10 10:05:36,653 >> loading file tokenizer.json from cache at /home/u131168/.cache/huggingface/hub/models--google--flan-t5-xl/snapshots/8772db7a7a11f7b08e6be7d7088f7a7fd4813bc5/tokenizer.json
[INFO|tokenization_utils_base.py:2053] 2023-10-10 10:05:36,653 >> loading file added_tokens.json from cache at None
[INFO|tokenization_utils_base.py:2053] 2023-10-10 10:05:36,653 >> loading file special_tokens_map.json from cache at /home/u131168/.cache/huggingface/hub/models--google--flan-t5-xl/snapshots/8772db7a7a11f7b08e6be7d7088f7a7fd4813bc5/special_tokens_map.json
[INFO|tokenization_utils_base.py:2053] 2023-10-10 10:05:36,653 >> loading file tokenizer_config.json from cache at /home/u131168/.cache/huggingface/hub/models--google--flan-t5-xl/snapshots/8772db7a7a11f7b08e6be7d7088f7a7fd4813bc5/tokenizer_config.json
Loading cached processed dataset at /home/u131168/.cache/huggingface/datasets/csv/default-44e69619db051a73/0.0.0/eea64c71ca8b46dd3f537ed218fc9bf495d5707789152eb2764f5c78fa66d59d/cache-987c11fe689109bd.arrow
------------------modifying t5 tokenizer-----------------
10/10/2023 10:05:37 - INFO - datasets.arrow_dataset - Loading cached processed dataset at /home/u131168/.cache/huggingface/datasets/csv/default-44e69619db051a73/0.0.0/eea64c71ca8b46dd3f537ed218fc9bf495d5707789152eb2764f5c78fa66d59d/cache-987c11fe689109bd.arrow
[INFO|configuration_utils.py:716] 2023-10-10 10:05:38,661 >> loading configuration file config.json from cache at /home/u131168/.cache/huggingface/hub/models--google--flan-t5-xl/snapshots/8772db7a7a11f7b08e6be7d7088f7a7fd4813bc5/config.json
[INFO|configuration_utils.py:776] 2023-10-10 10:05:38,679 >> Model config T5Config {
  "_name_or_path": "google/flan-t5-xl",
  "architectures": [
    "T5ForConditionalGeneration"
  ],
  "classifier_dropout": 0.0,
  "d_ff": 5120,
  "d_kv": 64,
  "d_model": 2048,
  "decoder_start_token_id": 0,
  "dense_act_fn": "gelu_new",
  "dropout_rate": 0.1,
  "eos_token_id": 1,
  "feed_forward_proj": "gated-gelu",
  "initializer_factor": 1.0,
  "is_encoder_decoder": true,
  "is_gated_act": true,
  "layer_norm_epsilon": 1e-06,
  "model_type": "t5",
  "n_positions": 512,
  "num_decoder_layers": 24,
  "num_heads": 32,
  "num_layers": 24,
  "output_past": true,
  "pad_token_id": 0,
  "relative_attention_max_distance": 128,
  "relative_attention_num_buckets": 32,
  "task_specific_params": {
    "summarization": {
      "early_stopping": true,
      "length_penalty": 2.0,
      "max_length": 200,
      "min_length": 30,
      "no_repeat_ngram_size": 3,
      "num_beams": 4,
      "prefix": "summarize: "
    },
    "translation_en_to_de": {
      "early_stopping": true,
      "max_length": 300,
      "num_beams": 4,
      "prefix": "translate English to German: "
    },
    "translation_en_to_fr": {
      "early_stopping": true,
      "max_length": 300,
      "num_beams": 4,
      "prefix": "translate English to French: "
    },
    "translation_en_to_ro": {
      "early_stopping": true,
      "max_length": 300,
      "num_beams": 4,
      "prefix": "translate English to Romanian: "
    }
  },
  "tie_word_embeddings": false,
  "torch_dtype": "float32",
  "transformers_version": "4.35.0.dev0",
  "use_cache": true,
  "vocab_size": 32128
}

[INFO|modeling_utils.py:2995] 2023-10-10 10:05:38,794 >> loading weights file pytorch_model.bin from cache at /home/u131168/.cache/huggingface/hub/models--google--flan-t5-xl/snapshots/8772db7a7a11f7b08e6be7d7088f7a7fd4813bc5/pytorch_model.bin.index.json
[INFO|configuration_utils.py:771] 2023-10-10 10:05:38,809 >> Generate config GenerationConfig {
  "decoder_start_token_id": 0,
  "eos_token_id": 1,
  "pad_token_id": 0
}

Loading checkpoint shards:   0%|          | 0/2 [00:00<?, ?it/s]Loading checkpoint shards:  50%|█████     | 1/2 [00:19<00:19, 19.68s/it]Loading checkpoint shards: 100%|██████████| 2/2 [00:30<00:00, 14.40s/it]Loading checkpoint shards: 100%|██████████| 2/2 [00:30<00:00, 15.20s/it]
[INFO|modeling_utils.py:3779] 2023-10-10 10:06:54,642 >> All model checkpoint weights were used when initializing T5ForConditionalGeneration.

[INFO|modeling_utils.py:3787] 2023-10-10 10:06:54,642 >> All the weights of T5ForConditionalGeneration were initialized from the model checkpoint at google/flan-t5-xl.
If your task is similar to the task the model of the checkpoint was trained on, you can already use T5ForConditionalGeneration for predictions without further training.
[INFO|configuration_utils.py:731] 2023-10-10 10:06:54,822 >> loading configuration file generation_config.json from cache at /home/u131168/.cache/huggingface/hub/models--google--flan-t5-xl/snapshots/8772db7a7a11f7b08e6be7d7088f7a7fd4813bc5/generation_config.json
[INFO|configuration_utils.py:771] 2023-10-10 10:06:54,823 >> Generate config GenerationConfig {
  "decoder_start_token_id": 0,
  "eos_token_id": 1,
  "pad_token_id": 0
}

[INFO|modeling_utils.py:1619] 2023-10-10 10:06:54,862 >> You are resizing the embedding layer without providing a `pad_to_multiple_of` parameter. This means that the new embedding dimension will be 32105. This might induce some performance reduction as *Tensor Cores* will not be available. For more details about this, or help on choosing the correct value for resizing, refer to this guide: https://docs.nvidia.com/deeplearning/performance/dl-performance-matrix-multiplication/index.html#requirements-tc
[INFO|modeling_utils.py:1619] 2023-10-10 10:07:23,422 >> You are resizing the embedding layer without providing a `pad_to_multiple_of` parameter. This means that the new embedding dimension will be 32105. This might induce some performance reduction as *Tensor Cores* will not be available. For more details about this, or help on choosing the correct value for resizing, refer to this guide: https://docs.nvidia.com/deeplearning/performance/dl-performance-matrix-multiplication/index.html#requirements-tc
[INFO|trainer.py:584] 2023-10-10 10:07:23,676 >> Using cpu_amp half precision backend
[INFO|trainer.py:2008] 2023-10-10 10:07:23,680 >> Loading model from /home/u131168/mh_shell/ft_models/flan-t5-xl_mt5_v4/checkpoint-25000.
[INFO|trainer.py:1669] 2023-10-10 10:07:25,923 >> ***** Running training *****
[INFO|trainer.py:1670] 2023-10-10 10:07:25,923 >>   Num examples = 139,077
[INFO|trainer.py:1671] 2023-10-10 10:07:25,923 >>   Num Epochs = 1
[INFO|trainer.py:1672] 2023-10-10 10:07:25,923 >>   Instantaneous batch size per device = 2
[INFO|trainer.py:1675] 2023-10-10 10:07:25,923 >>   Total train batch size (w. parallel, distributed & accumulation) = 2
[INFO|trainer.py:1676] 2023-10-10 10:07:25,923 >>   Gradient Accumulation steps = 1
[INFO|trainer.py:1677] 2023-10-10 10:07:25,923 >>   Total optimization steps = 69,539
[INFO|trainer.py:1678] 2023-10-10 10:07:25,970 >>   Number of trainable parameters = 4,718,592
[INFO|trainer.py:1698] 2023-10-10 10:07:26,000 >>   Continuing training from checkpoint, will skip to saved global_step
[INFO|trainer.py:1699] 2023-10-10 10:07:26,000 >>   Continuing training from epoch 0
[INFO|trainer.py:1700] 2023-10-10 10:07:26,001 >>   Continuing training from global step 25000
[INFO|trainer.py:1702] 2023-10-10 10:07:26,001 >>   Will skip the first 0 epochs then the first 25000 batches in the first epoch.
trainable params: 4,718,592 || all params: 2,854,381,568 || trainable%: 0.1653104845161332
-------------------traing-model
  0%|          | 0/69539 [00:00<?, ?it/s][WARNING|logging.py:290] 2023-10-10 10:07:26,526 >> You're using a T5TokenizerFast tokenizer. Please note that with a fast tokenizer, using the `__call__` method is faster than using a method to encode the text followed by a call to the `pad` method to get a padded encoding.
