got current job name=pci
/var/spool/slurmd/job23396/slurm_script: 9: pci: not found
new job name=pci
new job created with id: 23398
starting fine tuning model
Requirement already satisfied: datasets in /home/u131168/.local/lib/python3.10/site-packages (from -r requirements.txt (line 1)) (2.14.5)
Requirement already satisfied: torch in /home/u131168/.local/lib/python3.10/site-packages (from -r requirements.txt (line 2)) (2.0.1)
Requirement already satisfied: transformers>=4.32.0 in /opt/miniconda/lib/python3.10/site-packages (from -r requirements.txt (line 3)) (4.34.0.dev0)
Requirement already satisfied: sentencepiece in /opt/miniconda/lib/python3.10/site-packages (from -r requirements.txt (line 4)) (0.1.99)
Requirement already satisfied: peft in /home/u131168/.local/lib/python3.10/site-packages (from -r requirements.txt (line 5)) (0.5.0)
Requirement already satisfied: evaluate in /opt/miniconda/lib/python3.10/site-packages (from -r requirements.txt (line 6)) (0.4.0)
Requirement already satisfied: nltk in /opt/miniconda/lib/python3.10/site-packages (from -r requirements.txt (line 7)) (3.8.1)
Requirement already satisfied: rouge_score in /opt/miniconda/lib/python3.10/site-packages (from -r requirements.txt (line 8)) (0.1.2)
Requirement already satisfied: einops in /opt/miniconda/lib/python3.10/site-packages (from -r requirements.txt (line 9)) (0.6.1)
Requirement already satisfied: numpy>=1.17 in /home/u131168/.local/lib/python3.10/site-packages (from datasets->-r requirements.txt (line 1)) (1.26.0)
Requirement already satisfied: multiprocess in /home/u131168/.local/lib/python3.10/site-packages (from datasets->-r requirements.txt (line 1)) (0.70.15)
Requirement already satisfied: pandas in /home/u131168/.local/lib/python3.10/site-packages (from datasets->-r requirements.txt (line 1)) (2.1.0)
Requirement already satisfied: requests>=2.19.0 in /opt/miniconda/lib/python3.10/site-packages (from datasets->-r requirements.txt (line 1)) (2.28.1)
Requirement already satisfied: fsspec[http]<2023.9.0,>=2023.1.0 in /home/u131168/.local/lib/python3.10/site-packages (from datasets->-r requirements.txt (line 1)) (2023.6.0)
Requirement already satisfied: huggingface-hub<1.0.0,>=0.14.0 in /opt/miniconda/lib/python3.10/site-packages (from datasets->-r requirements.txt (line 1)) (0.16.4)
Requirement already satisfied: pyarrow>=8.0.0 in /home/u131168/.local/lib/python3.10/site-packages (from datasets->-r requirements.txt (line 1)) (13.0.0)
Requirement already satisfied: packaging in /opt/miniconda/lib/python3.10/site-packages (from datasets->-r requirements.txt (line 1)) (23.0)
Requirement already satisfied: pyyaml>=5.1 in /home/u131168/.local/lib/python3.10/site-packages (from datasets->-r requirements.txt (line 1)) (6.0.1)
Requirement already satisfied: dill<0.3.8,>=0.3.0 in /home/u131168/.local/lib/python3.10/site-packages (from datasets->-r requirements.txt (line 1)) (0.3.7)
Requirement already satisfied: tqdm>=4.62.1 in /opt/miniconda/lib/python3.10/site-packages (from datasets->-r requirements.txt (line 1)) (4.65.0)
Requirement already satisfied: aiohttp in /home/u131168/.local/lib/python3.10/site-packages (from datasets->-r requirements.txt (line 1)) (3.8.5)
Requirement already satisfied: xxhash in /home/u131168/.local/lib/python3.10/site-packages (from datasets->-r requirements.txt (line 1)) (3.3.0)
Requirement already satisfied: nvidia-cuda-nvrtc-cu11==11.7.99 in /home/u131168/.local/lib/python3.10/site-packages (from torch->-r requirements.txt (line 2)) (11.7.99)
Requirement already satisfied: nvidia-nvtx-cu11==11.7.91 in /home/u131168/.local/lib/python3.10/site-packages (from torch->-r requirements.txt (line 2)) (11.7.91)
Requirement already satisfied: jinja2 in /home/u131168/.local/lib/python3.10/site-packages (from torch->-r requirements.txt (line 2)) (3.1.2)
Requirement already satisfied: nvidia-nccl-cu11==2.14.3 in /home/u131168/.local/lib/python3.10/site-packages (from torch->-r requirements.txt (line 2)) (2.14.3)
Requirement already satisfied: nvidia-cufft-cu11==10.9.0.58 in /home/u131168/.local/lib/python3.10/site-packages (from torch->-r requirements.txt (line 2)) (10.9.0.58)
Requirement already satisfied: nvidia-curand-cu11==10.2.10.91 in /home/u131168/.local/lib/python3.10/site-packages (from torch->-r requirements.txt (line 2)) (10.2.10.91)
Requirement already satisfied: nvidia-cusparse-cu11==11.7.4.91 in /home/u131168/.local/lib/python3.10/site-packages (from torch->-r requirements.txt (line 2)) (11.7.4.91)
Requirement already satisfied: nvidia-cuda-runtime-cu11==11.7.99 in /home/u131168/.local/lib/python3.10/site-packages (from torch->-r requirements.txt (line 2)) (11.7.99)
Requirement already satisfied: nvidia-cusolver-cu11==11.4.0.1 in /home/u131168/.local/lib/python3.10/site-packages (from torch->-r requirements.txt (line 2)) (11.4.0.1)
Requirement already satisfied: triton==2.0.0 in /home/u131168/.local/lib/python3.10/site-packages (from torch->-r requirements.txt (line 2)) (2.0.0)
Requirement already satisfied: sympy in /home/u131168/.local/lib/python3.10/site-packages (from torch->-r requirements.txt (line 2)) (1.12)
Requirement already satisfied: typing-extensions in /home/u131168/.local/lib/python3.10/site-packages (from torch->-r requirements.txt (line 2)) (4.8.0)
Requirement already satisfied: nvidia-cublas-cu11==11.10.3.66 in /home/u131168/.local/lib/python3.10/site-packages (from torch->-r requirements.txt (line 2)) (11.10.3.66)
Requirement already satisfied: nvidia-cudnn-cu11==8.5.0.96 in /home/u131168/.local/lib/python3.10/site-packages (from torch->-r requirements.txt (line 2)) (8.5.0.96)
Requirement already satisfied: nvidia-cuda-cupti-cu11==11.7.101 in /home/u131168/.local/lib/python3.10/site-packages (from torch->-r requirements.txt (line 2)) (11.7.101)
Requirement already satisfied: filelock in /home/u131168/.local/lib/python3.10/site-packages (from torch->-r requirements.txt (line 2)) (3.12.4)
Requirement already satisfied: networkx in /home/u131168/.local/lib/python3.10/site-packages (from torch->-r requirements.txt (line 2)) (3.1)
Requirement already satisfied: setuptools in /opt/miniconda/lib/python3.10/site-packages (from nvidia-cublas-cu11==11.10.3.66->torch->-r requirements.txt (line 2)) (65.6.3)
Requirement already satisfied: wheel in /opt/miniconda/lib/python3.10/site-packages (from nvidia-cublas-cu11==11.10.3.66->torch->-r requirements.txt (line 2)) (0.38.4)
Requirement already satisfied: lit in /home/u131168/.local/lib/python3.10/site-packages (from triton==2.0.0->torch->-r requirements.txt (line 2)) (16.0.6)
Requirement already satisfied: cmake in /home/u131168/.local/lib/python3.10/site-packages (from triton==2.0.0->torch->-r requirements.txt (line 2)) (3.27.5)
Requirement already satisfied: regex!=2019.12.17 in /home/u131168/.local/lib/python3.10/site-packages (from transformers>=4.32.0->-r requirements.txt (line 3)) (2023.8.8)
Requirement already satisfied: safetensors>=0.3.1 in /home/u131168/.local/lib/python3.10/site-packages (from transformers>=4.32.0->-r requirements.txt (line 3)) (0.3.3)
Requirement already satisfied: tokenizers<0.15,>=0.14 in /opt/miniconda/lib/python3.10/site-packages (from transformers>=4.32.0->-r requirements.txt (line 3)) (0.14.0)
Requirement already satisfied: accelerate in /home/u131168/.local/lib/python3.10/site-packages (from peft->-r requirements.txt (line 5)) (0.23.0)
Requirement already satisfied: psutil in /home/u131168/.local/lib/python3.10/site-packages (from peft->-r requirements.txt (line 5)) (5.9.5)
Requirement already satisfied: responses<0.19 in /opt/miniconda/lib/python3.10/site-packages (from evaluate->-r requirements.txt (line 6)) (0.18.0)
Requirement already satisfied: click in /opt/miniconda/lib/python3.10/site-packages (from nltk->-r requirements.txt (line 7)) (8.1.7)
Requirement already satisfied: joblib in /opt/miniconda/lib/python3.10/site-packages (from nltk->-r requirements.txt (line 7)) (1.3.2)
Requirement already satisfied: six>=1.14.0 in /opt/miniconda/lib/python3.10/site-packages (from rouge_score->-r requirements.txt (line 8)) (1.16.0)
Requirement already satisfied: absl-py in /opt/miniconda/lib/python3.10/site-packages (from rouge_score->-r requirements.txt (line 8)) (1.4.0)
Requirement already satisfied: async-timeout<5.0,>=4.0.0a3 in /home/u131168/.local/lib/python3.10/site-packages (from aiohttp->datasets->-r requirements.txt (line 1)) (4.0.3)
Requirement already satisfied: yarl<2.0,>=1.0 in /home/u131168/.local/lib/python3.10/site-packages (from aiohttp->datasets->-r requirements.txt (line 1)) (1.9.2)
Requirement already satisfied: attrs>=17.3.0 in /home/u131168/.local/lib/python3.10/site-packages (from aiohttp->datasets->-r requirements.txt (line 1)) (23.1.0)
Requirement already satisfied: charset-normalizer<4.0,>=2.0 in /opt/miniconda/lib/python3.10/site-packages (from aiohttp->datasets->-r requirements.txt (line 1)) (2.0.4)
Requirement already satisfied: aiosignal>=1.1.2 in /home/u131168/.local/lib/python3.10/site-packages (from aiohttp->datasets->-r requirements.txt (line 1)) (1.3.1)
Requirement already satisfied: multidict<7.0,>=4.5 in /home/u131168/.local/lib/python3.10/site-packages (from aiohttp->datasets->-r requirements.txt (line 1)) (6.0.4)
Requirement already satisfied: frozenlist>=1.1.1 in /home/u131168/.local/lib/python3.10/site-packages (from aiohttp->datasets->-r requirements.txt (line 1)) (1.4.0)
Requirement already satisfied: certifi>=2017.4.17 in /opt/miniconda/lib/python3.10/site-packages (from requests>=2.19.0->datasets->-r requirements.txt (line 1)) (2023.5.7)
Requirement already satisfied: idna<4,>=2.5 in /opt/miniconda/lib/python3.10/site-packages (from requests>=2.19.0->datasets->-r requirements.txt (line 1)) (3.4)
Requirement already satisfied: urllib3<1.27,>=1.21.1 in /opt/miniconda/lib/python3.10/site-packages (from requests>=2.19.0->datasets->-r requirements.txt (line 1)) (1.26.15)
Requirement already satisfied: MarkupSafe>=2.0 in /home/u131168/.local/lib/python3.10/site-packages (from jinja2->torch->-r requirements.txt (line 2)) (2.1.3)
Requirement already satisfied: pytz>=2020.1 in /home/u131168/.local/lib/python3.10/site-packages (from pandas->datasets->-r requirements.txt (line 1)) (2023.3.post1)
Requirement already satisfied: python-dateutil>=2.8.2 in /home/u131168/.local/lib/python3.10/site-packages (from pandas->datasets->-r requirements.txt (line 1)) (2.8.2)
Requirement already satisfied: tzdata>=2022.1 in /home/u131168/.local/lib/python3.10/site-packages (from pandas->datasets->-r requirements.txt (line 1)) (2023.3)
Requirement already satisfied: mpmath>=0.19 in /home/u131168/.local/lib/python3.10/site-packages (from sympy->torch->-r requirements.txt (line 2)) (1.3.0)
Collecting git+https://github.com/huggingface/transformers
  Cloning https://github.com/huggingface/transformers to /tmp/pip-req-build-2qy3aeh4
  Running command git clone --filter=blob:none --quiet https://github.com/huggingface/transformers /tmp/pip-req-build-2qy3aeh4
  Resolved https://github.com/huggingface/transformers to commit 391177441b133645c02181b57370ab12f71b88c4
  Installing build dependencies: started
slurmstepd-idc-beta-batch-pvc-node-07: error: *** JOB 23396 ON idc-beta-batch-pvc-node-07 CANCELLED AT 2023-09-29T04:15:01 ***
