no change     /opt/intel/oneapi/intelpython/latest/condabin/conda
no change     /opt/intel/oneapi/intelpython/latest/bin/conda
no change     /opt/intel/oneapi/intelpython/latest/bin/conda-env
no change     /opt/intel/oneapi/intelpython/latest/bin/activate
no change     /opt/intel/oneapi/intelpython/latest/bin/deactivate
no change     /opt/intel/oneapi/intelpython/latest/etc/profile.d/conda.sh
no change     /opt/intel/oneapi/intelpython/latest/etc/fish/conf.d/conda.fish
no change     /opt/intel/oneapi/intelpython/latest/shell/condabin/Conda.psm1
no change     /opt/intel/oneapi/intelpython/latest/shell/condabin/conda-hook.ps1
no change     /opt/intel/oneapi/intelpython/latest/lib/python3.9/site-packages/xontrib/conda.xsh
no change     /opt/intel/oneapi/intelpython/latest/etc/profile.d/conda.csh
no change     /opt/intel/oneapi/intelpython/latest/etc/profile.d/conda.ksh
no change     /home/u131168/.bashrc
No action taken.
got current job name=pcs3
new job name=pcs4
new job created with id: 28968
----------checking if gpu available on current job-----------------
no change     /opt/intel/oneapi/intelpython/latest/condabin/conda
no change     /opt/intel/oneapi/intelpython/latest/bin/conda
no change     /opt/intel/oneapi/intelpython/latest/bin/conda-env
no change     /opt/intel/oneapi/intelpython/latest/bin/activate
no change     /opt/intel/oneapi/intelpython/latest/bin/deactivate
no change     /opt/intel/oneapi/intelpython/latest/etc/profile.d/conda.sh
no change     /opt/intel/oneapi/intelpython/latest/etc/fish/conf.d/conda.fish
no change     /opt/intel/oneapi/intelpython/latest/shell/condabin/Conda.psm1
no change     /opt/intel/oneapi/intelpython/latest/shell/condabin/conda-hook.ps1
no change     /opt/intel/oneapi/intelpython/latest/lib/python3.9/site-packages/xontrib/conda.xsh
no change     /opt/intel/oneapi/intelpython/latest/etc/profile.d/conda.csh
no change     /opt/intel/oneapi/intelpython/latest/etc/profile.d/conda.ksh
no change     /home/u131168/.bashrc
No action taken.
-------------------------------------------
users render freetier premium
 
:: initializing oneAPI environment ...
   slurm_script: BASH_VERSION = 5.1.16(1)-release
   args: Using "$@" for setvars.sh arguments: --force
:: advisor -- latest
:: ccl -- latest
:: compiler -- latest
:: dal -- latest
:: debugger -- latest
:: dev-utilities -- latest
:: dnnl -- latest
:: dpcpp-ct -- latest
:: dpl -- latest
:: embree -- latest
:: inspector -- latest
:: intelpython -- latest

CommandNotFoundError: Your shell has not been properly configured to use 'conda deactivate'.
To initialize your shell, run

    $ conda init <SHELL_NAME>

Currently supported shells are:
  - bash
  - fish
  - tcsh
  - xonsh
  - zsh
  - powershell

See 'conda init --help' for more information and options.

IMPORTANT: You may need to close and restart your shell after running 'conda init'.



CommandNotFoundError: Your shell has not been properly configured to use 'conda deactivate'.
To initialize your shell, run

    $ conda init <SHELL_NAME>

Currently supported shells are:
  - bash
  - fish
  - tcsh
  - xonsh
  - zsh
  - powershell

See 'conda init --help' for more information and options.

IMPORTANT: You may need to close and restart your shell after running 'conda init'.



CommandNotFoundError: Your shell has not been properly configured to use 'conda deactivate'.
To initialize your shell, run

    $ conda init <SHELL_NAME>

Currently supported shells are:
  - bash
  - fish
  - tcsh
  - xonsh
  - zsh
  - powershell

See 'conda init --help' for more information and options.

IMPORTANT: You may need to close and restart your shell after running 'conda init'.


:: ipp -- latest
:: ippcp -- latest
:: ispc -- latest
:: itac -- latest
:: mkl -- latest
:: modelzoo -- latest
:: modin -- latest
:: mpi -- latest
:: neural-compressor -- latest
:: oidn -- latest
:: openpgl -- latest
:: openvkl -- latest
:: ospray -- latest
:: ospray_studio -- latest
:: pytorch -- latest
:: rkcommon -- latest
:: rkutil -- latest
:: tbb -- latest
:: tensorflow -- latest
:: vtune -- latest
:: oneAPI environment initialized ::
 
Warning: ONEAPI_DEVICE_SELECTOR environment variable is set to opencl:cpu;opencl:fpga;level_zero:0.
To see the correct device id, please unset ONEAPI_DEVICE_SELECTOR.

[opencl:cpu:0] Intel(R) OpenCL, Intel(R) Xeon(R) Platinum 8480+ 3.0 [2023.16.7.0.21_160000]
[opencl:acc:1] Intel(R) FPGA Emulation Platform for OpenCL(TM), Intel(R) FPGA Emulation Device 1.2 [2023.16.7.0.21_160000]
[opencl:cpu:2] Intel(R) OpenCL, Intel(R) Xeon(R) Platinum 8480+ 3.0 [2023.16.7.0.21_160000]
[ext_oneapi_level_zero:gpu:0] Intel(R) Level-Zero, Intel(R) Data Center GPU Max 1100 1.3 [1.3.26516]
/var/spool/slurmd/job28886/slurm_script: line 26: 391938 Segmentation fault      (core dumped) sycl-ls
Warning: ONEAPI_DEVICE_SELECTOR environment variable is set to opencl:cpu;opencl:fpga;level_zero:0.
To see the correct device id, please unset ONEAPI_DEVICE_SELECTOR.

num_gpu=1\n
Warning: ONEAPI_DEVICE_SELECTOR environment variable is set to opencl:cpu;opencl:fpga;level_zero:0.
To see the correct device id, please unset ONEAPI_DEVICE_SELECTOR.

num_cpu=2\n
/var/spool/slurmd/job28886/slurm_script: line 31: [: missing `]'
-------------------------------------------
staring prediction
Defaulting to user installation because normal site-packages is not writeable
Requirement already satisfied: torch in /home/u131168/.local/lib/python3.9/site-packages (2.1.0)
Requirement already satisfied: filelock in /home/u131168/.local/lib/python3.9/site-packages (from torch) (3.12.4)
Requirement already satisfied: typing-extensions in /opt/intel/oneapi/intelpython/python3.9/lib/python3.9/site-packages (from torch) (4.6.3)
Requirement already satisfied: sympy in /home/u131168/.local/lib/python3.9/site-packages (from torch) (1.12)
Requirement already satisfied: networkx in /home/u131168/.local/lib/python3.9/site-packages (from torch) (3.1)
Requirement already satisfied: jinja2 in /home/u131168/.local/lib/python3.9/site-packages (from torch) (3.1.2)
Requirement already satisfied: fsspec in /home/u131168/.local/lib/python3.9/site-packages (from torch) (2023.6.0)
Requirement already satisfied: nvidia-cuda-nvrtc-cu12==12.1.105 in /home/u131168/.local/lib/python3.9/site-packages (from torch) (12.1.105)
Requirement already satisfied: nvidia-cuda-runtime-cu12==12.1.105 in /home/u131168/.local/lib/python3.9/site-packages (from torch) (12.1.105)
Requirement already satisfied: nvidia-cuda-cupti-cu12==12.1.105 in /home/u131168/.local/lib/python3.9/site-packages (from torch) (12.1.105)
Requirement already satisfied: nvidia-cudnn-cu12==8.9.2.26 in /home/u131168/.local/lib/python3.9/site-packages (from torch) (8.9.2.26)
Requirement already satisfied: nvidia-cublas-cu12==12.1.3.1 in /home/u131168/.local/lib/python3.9/site-packages (from torch) (12.1.3.1)
Requirement already satisfied: nvidia-cufft-cu12==11.0.2.54 in /home/u131168/.local/lib/python3.9/site-packages (from torch) (11.0.2.54)
Requirement already satisfied: nvidia-curand-cu12==10.3.2.106 in /home/u131168/.local/lib/python3.9/site-packages (from torch) (10.3.2.106)
Requirement already satisfied: nvidia-cusolver-cu12==11.4.5.107 in /home/u131168/.local/lib/python3.9/site-packages (from torch) (11.4.5.107)
Requirement already satisfied: nvidia-cusparse-cu12==12.1.0.106 in /home/u131168/.local/lib/python3.9/site-packages (from torch) (12.1.0.106)
Requirement already satisfied: nvidia-nccl-cu12==2.18.1 in /home/u131168/.local/lib/python3.9/site-packages (from torch) (2.18.1)
Requirement already satisfied: nvidia-nvtx-cu12==12.1.105 in /home/u131168/.local/lib/python3.9/site-packages (from torch) (12.1.105)
Requirement already satisfied: triton==2.1.0 in /home/u131168/.local/lib/python3.9/site-packages (from torch) (2.1.0)
Requirement already satisfied: nvidia-nvjitlink-cu12 in /home/u131168/.local/lib/python3.9/site-packages (from nvidia-cusolver-cu12==11.4.5.107->torch) (12.2.140)
Requirement already satisfied: MarkupSafe>=2.0 in /home/u131168/.local/lib/python3.9/site-packages (from jinja2->torch) (2.1.3)
Requirement already satisfied: mpmath>=0.19 in /home/u131168/.local/lib/python3.9/site-packages (from sympy->torch) (1.3.0)
Defaulting to user installation because normal site-packages is not writeable
Requirement already satisfied: transformers in /home/u131168/.local/lib/python3.9/site-packages (4.35.0.dev0)
Requirement already satisfied: filelock in /home/u131168/.local/lib/python3.9/site-packages (from transformers) (3.12.4)
Requirement already satisfied: huggingface-hub<1.0,>=0.16.4 in /home/u131168/.local/lib/python3.9/site-packages (from transformers) (0.17.3)
Requirement already satisfied: numpy>=1.17 in /opt/intel/oneapi/intelpython/python3.9/lib/python3.9/site-packages (from transformers) (1.24.3)
Requirement already satisfied: packaging>=20.0 in /opt/intel/oneapi/intelpython/python3.9/lib/python3.9/site-packages (from transformers) (23.1)
Requirement already satisfied: pyyaml>=5.1 in /opt/intel/oneapi/intelpython/python3.9/lib/python3.9/site-packages (from transformers) (6.0)
Requirement already satisfied: regex!=2019.12.17 in /home/u131168/.local/lib/python3.9/site-packages (from transformers) (2023.10.3)
Requirement already satisfied: requests in /opt/intel/oneapi/intelpython/python3.9/lib/python3.9/site-packages (from transformers) (2.31.0)
Requirement already satisfied: tokenizers<0.15,>=0.14 in /home/u131168/.local/lib/python3.9/site-packages (from transformers) (0.14.1)
Requirement already satisfied: safetensors>=0.3.1 in /home/u131168/.local/lib/python3.9/site-packages (from transformers) (0.4.0)
Requirement already satisfied: tqdm>=4.27 in /home/u131168/.local/lib/python3.9/site-packages (from transformers) (4.66.1)
Requirement already satisfied: fsspec in /home/u131168/.local/lib/python3.9/site-packages (from huggingface-hub<1.0,>=0.16.4->transformers) (2023.6.0)
Requirement already satisfied: typing-extensions>=3.7.4.3 in /opt/intel/oneapi/intelpython/python3.9/lib/python3.9/site-packages (from huggingface-hub<1.0,>=0.16.4->transformers) (4.6.3)
Requirement already satisfied: charset-normalizer<4,>=2 in /opt/intel/oneapi/intelpython/python3.9/lib/python3.9/site-packages (from requests->transformers) (3.1.0)
Requirement already satisfied: idna<4,>=2.5 in /opt/intel/oneapi/intelpython/python3.9/lib/python3.9/site-packages (from requests->transformers) (3.4)
Requirement already satisfied: urllib3<3,>=1.21.1 in /opt/intel/oneapi/intelpython/python3.9/lib/python3.9/site-packages (from requests->transformers) (2.0.3)
Requirement already satisfied: certifi>=2017.4.17 in /opt/intel/oneapi/intelpython/python3.9/lib/python3.9/site-packages (from requests->transformers) (2023.7.22)
Defaulting to user installation because normal site-packages is not writeable
Requirement already satisfied: peft in /home/u131168/.local/lib/python3.9/site-packages (0.5.0)
Requirement already satisfied: numpy>=1.17 in /opt/intel/oneapi/intelpython/python3.9/lib/python3.9/site-packages (from peft) (1.24.3)
Requirement already satisfied: packaging>=20.0 in /opt/intel/oneapi/intelpython/python3.9/lib/python3.9/site-packages (from peft) (23.1)
Requirement already satisfied: psutil in /home/u131168/.local/lib/python3.9/site-packages (from peft) (5.9.5)
Requirement already satisfied: pyyaml in /opt/intel/oneapi/intelpython/python3.9/lib/python3.9/site-packages (from peft) (6.0)
Requirement already satisfied: torch>=1.13.0 in /home/u131168/.local/lib/python3.9/site-packages (from peft) (2.1.0)
Requirement already satisfied: transformers in /home/u131168/.local/lib/python3.9/site-packages (from peft) (4.35.0.dev0)
Requirement already satisfied: tqdm in /home/u131168/.local/lib/python3.9/site-packages (from peft) (4.66.1)
Requirement already satisfied: accelerate in /home/u131168/.local/lib/python3.9/site-packages (from peft) (0.23.0)
Requirement already satisfied: safetensors in /home/u131168/.local/lib/python3.9/site-packages (from peft) (0.4.0)
Requirement already satisfied: filelock in /home/u131168/.local/lib/python3.9/site-packages (from torch>=1.13.0->peft) (3.12.4)
Requirement already satisfied: typing-extensions in /opt/intel/oneapi/intelpython/python3.9/lib/python3.9/site-packages (from torch>=1.13.0->peft) (4.6.3)
Requirement already satisfied: sympy in /home/u131168/.local/lib/python3.9/site-packages (from torch>=1.13.0->peft) (1.12)
Requirement already satisfied: networkx in /home/u131168/.local/lib/python3.9/site-packages (from torch>=1.13.0->peft) (3.1)
Requirement already satisfied: jinja2 in /home/u131168/.local/lib/python3.9/site-packages (from torch>=1.13.0->peft) (3.1.2)
Requirement already satisfied: fsspec in /home/u131168/.local/lib/python3.9/site-packages (from torch>=1.13.0->peft) (2023.6.0)
Requirement already satisfied: nvidia-cuda-nvrtc-cu12==12.1.105 in /home/u131168/.local/lib/python3.9/site-packages (from torch>=1.13.0->peft) (12.1.105)
Requirement already satisfied: nvidia-cuda-runtime-cu12==12.1.105 in /home/u131168/.local/lib/python3.9/site-packages (from torch>=1.13.0->peft) (12.1.105)
Requirement already satisfied: nvidia-cuda-cupti-cu12==12.1.105 in /home/u131168/.local/lib/python3.9/site-packages (from torch>=1.13.0->peft) (12.1.105)
Requirement already satisfied: nvidia-cudnn-cu12==8.9.2.26 in /home/u131168/.local/lib/python3.9/site-packages (from torch>=1.13.0->peft) (8.9.2.26)
Requirement already satisfied: nvidia-cublas-cu12==12.1.3.1 in /home/u131168/.local/lib/python3.9/site-packages (from torch>=1.13.0->peft) (12.1.3.1)
Requirement already satisfied: nvidia-cufft-cu12==11.0.2.54 in /home/u131168/.local/lib/python3.9/site-packages (from torch>=1.13.0->peft) (11.0.2.54)
Requirement already satisfied: nvidia-curand-cu12==10.3.2.106 in /home/u131168/.local/lib/python3.9/site-packages (from torch>=1.13.0->peft) (10.3.2.106)
Requirement already satisfied: nvidia-cusolver-cu12==11.4.5.107 in /home/u131168/.local/lib/python3.9/site-packages (from torch>=1.13.0->peft) (11.4.5.107)
Requirement already satisfied: nvidia-cusparse-cu12==12.1.0.106 in /home/u131168/.local/lib/python3.9/site-packages (from torch>=1.13.0->peft) (12.1.0.106)
Requirement already satisfied: nvidia-nccl-cu12==2.18.1 in /home/u131168/.local/lib/python3.9/site-packages (from torch>=1.13.0->peft) (2.18.1)
Requirement already satisfied: nvidia-nvtx-cu12==12.1.105 in /home/u131168/.local/lib/python3.9/site-packages (from torch>=1.13.0->peft) (12.1.105)
Requirement already satisfied: triton==2.1.0 in /home/u131168/.local/lib/python3.9/site-packages (from torch>=1.13.0->peft) (2.1.0)
Requirement already satisfied: nvidia-nvjitlink-cu12 in /home/u131168/.local/lib/python3.9/site-packages (from nvidia-cusolver-cu12==11.4.5.107->torch>=1.13.0->peft) (12.2.140)
Requirement already satisfied: huggingface-hub in /home/u131168/.local/lib/python3.9/site-packages (from accelerate->peft) (0.17.3)
Requirement already satisfied: regex!=2019.12.17 in /home/u131168/.local/lib/python3.9/site-packages (from transformers->peft) (2023.10.3)
Requirement already satisfied: requests in /opt/intel/oneapi/intelpython/python3.9/lib/python3.9/site-packages (from transformers->peft) (2.31.0)
Requirement already satisfied: tokenizers<0.15,>=0.14 in /home/u131168/.local/lib/python3.9/site-packages (from transformers->peft) (0.14.1)
Requirement already satisfied: MarkupSafe>=2.0 in /home/u131168/.local/lib/python3.9/site-packages (from jinja2->torch>=1.13.0->peft) (2.1.3)
Requirement already satisfied: charset-normalizer<4,>=2 in /opt/intel/oneapi/intelpython/python3.9/lib/python3.9/site-packages (from requests->transformers->peft) (3.1.0)
Requirement already satisfied: idna<4,>=2.5 in /opt/intel/oneapi/intelpython/python3.9/lib/python3.9/site-packages (from requests->transformers->peft) (3.4)
Requirement already satisfied: urllib3<3,>=1.21.1 in /opt/intel/oneapi/intelpython/python3.9/lib/python3.9/site-packages (from requests->transformers->peft) (2.0.3)
Requirement already satisfied: certifi>=2017.4.17 in /opt/intel/oneapi/intelpython/python3.9/lib/python3.9/site-packages (from requests->transformers->peft) (2023.7.22)
Requirement already satisfied: mpmath>=0.19 in /home/u131168/.local/lib/python3.9/site-packages (from sympy->torch>=1.13.0->peft) (1.3.0)
b'952\n'
---------------got start index============953
Loading checkpoint shards:   0%|          | 0/2 [00:00<?, ?it/s]Loading checkpoint shards:  50%|█████     | 1/2 [00:19<00:19, 19.08s/it]Loading checkpoint shards: 100%|██████████| 2/2 [00:22<00:00,  9.86s/it]Loading checkpoint shards: 100%|██████████| 2/2 [00:22<00:00, 11.24s/it]
huggingface/tokenizers: The current process just got forked, after parallelism has already been used. Disabling parallelism to avoid deadlocks...
To disable this warning, you can either:
	- Avoid using `tokenizers` before the fork if possible
	- Explicitly set the environment variable TOKENIZERS_PARALLELISM=(true | false)
predicting 953 to 953 prompt

-------------wrote 953 to 953 preds

-------------wrote 954 to 954 preds
predicting 955 to 955 prompt

-------------wrote 955 to 955 preds

-------------wrote 956 to 956 preds
predicting 957 to 957 prompt

-------------wrote 957 to 957 preds

-------------wrote 958 to 958 preds

-------------wrote 959 to 959 preds

-------------wrote 960 to 960 preds
predicting 961 to 961 prompt

-------------wrote 961 to 961 preds

-------------wrote 962 to 962 preds
predicting 963 to 963 prompt

-------------wrote 963 to 963 preds

-------------wrote 964 to 964 preds

-------------wrote 965 to 965 preds
predicting 966 to 966 prompt

-------------wrote 966 to 966 preds

-------------wrote 967 to 967 preds

-------------wrote 968 to 968 preds

-------------wrote 969 to 969 preds
predicting 970 to 970 prompt

-------------wrote 970 to 970 preds

-------------wrote 971 to 971 preds
predicting 972 to 972 prompt

-------------wrote 972 to 972 preds

-------------wrote 973 to 973 preds

-------------wrote 974 to 974 preds

-------------wrote 975 to 975 preds
predicting 976 to 976 prompt

-------------wrote 976 to 976 preds
predicting 977 to 977 prompt

-------------wrote 977 to 977 preds

-------------wrote 978 to 978 preds
predicting 979 to 979 prompt

-------------wrote 979 to 979 preds
predicting 980 to 980 prompt

-------------wrote 980 to 980 preds

-------------wrote 981 to 981 preds

-------------wrote 982 to 982 preds

-------------wrote 983 to 983 preds

-------------wrote 984 to 984 preds

-------------wrote 985 to 985 preds

-------------wrote 986 to 986 preds

-------------wrote 987 to 987 preds

-------------wrote 988 to 988 preds

-------------wrote 989 to 989 preds

-------------wrote 990 to 990 preds

-------------wrote 991 to 991 preds

-------------wrote 992 to 992 preds

-------------wrote 993 to 993 preds

-------------wrote 994 to 994 preds

-------------wrote 995 to 995 preds

-------------wrote 996 to 996 preds

-------------wrote 997 to 997 preds

-------------wrote 998 to 998 preds

-------------wrote 999 to 999 preds

-------------wrote 1000 to 1000 preds

-------------wrote 1001 to 1001 preds

-------------wrote 1002 to 1002 preds

-------------wrote 1003 to 1003 preds

-------------wrote 1004 to 1004 preds

-------------wrote 1005 to 1005 preds
predicting 1006 to 1006 prompt

-------------wrote 1006 to 1006 preds

-------------wrote 1007 to 1007 preds
predicting 1008 to 1008 prompt

-------------wrote 1008 to 1008 preds

-------------wrote 1009 to 1009 preds
predicting 1010 to 1010 prompt

-------------wrote 1010 to 1010 preds

-------------wrote 1011 to 1011 preds

-------------wrote 1012 to 1012 preds
predicting 1013 to 1013 prompt

-------------wrote 1013 to 1013 preds

-------------wrote 1014 to 1014 preds

-------------wrote 1015 to 1015 preds

-------------wrote 1016 to 1016 preds
predicting 1017 to 1017 prompt

-------------wrote 1017 to 1017 preds

-------------wrote 1018 to 1018 preds

-------------wrote 1019 to 1019 preds

-------------wrote 1020 to 1020 preds

-------------wrote 1021 to 1021 preds

-------------wrote 1022 to 1022 preds

-------------wrote 1023 to 1023 preds

-------------wrote 1024 to 1024 preds

-------------wrote 1025 to 1025 preds
predicting 1026 to 1026 prompt

-------------wrote 1026 to 1026 preds
predicting 1027 to 1027 prompt

-------------wrote 1027 to 1027 preds

-------------wrote 1028 to 1028 preds
predicting 1029 to 1029 prompt

-------------wrote 1029 to 1029 preds

-------------wrote 1030 to 1030 preds

-------------wrote 1031 to 1031 preds
predicting 1032 to 1032 prompt

-------------wrote 1032 to 1032 preds

-------------wrote 1033 to 1033 preds
predicting 1034 to 1034 prompt

-------------wrote 1034 to 1034 preds

-------------wrote 1035 to 1035 preds

-------------wrote 1036 to 1036 preds

-------------wrote 1037 to 1037 preds

-------------wrote 1038 to 1038 preds
predicting 1039 to 1039 prompt

-------------wrote 1039 to 1039 preds
predicting 1040 to 1040 prompt

-------------wrote 1040 to 1040 preds

-------------wrote 1041 to 1041 preds

-------------wrote 1042 to 1042 preds
predicting 1043 to 1043 prompt

-------------wrote 1043 to 1043 preds

-------------wrote 1044 to 1044 preds

-------------wrote 1045 to 1045 preds
predicting 1046 to 1046 prompt

-------------wrote 1046 to 1046 preds

-------------wrote 1047 to 1047 preds
predicting 1048 to 1048 prompt

-------------wrote 1048 to 1048 preds

-------------wrote 1049 to 1049 preds
predicting 1050 to 1050 prompt

-------------wrote 1050 to 1050 preds

-------------wrote 1051 to 1051 preds

-------------wrote 1052 to 1052 preds

-------------wrote 1053 to 1053 preds
predicting 1054 to 1054 prompt

-------------wrote 1054 to 1054 preds

-------------wrote 1055 to 1055 preds
predicting 1056 to 1056 prompt

-------------wrote 1056 to 1056 preds

-------------wrote 1057 to 1057 preds

-------------wrote 1058 to 1058 preds

-------------wrote 1059 to 1059 preds
predicting 1060 to 1060 prompt

-------------wrote 1060 to 1060 preds

-------------wrote 1061 to 1061 preds
predicting 1062 to 1062 prompt

-------------wrote 1062 to 1062 preds
predicting 1063 to 1063 prompt

-------------wrote 1063 to 1063 preds

-------------wrote 1064 to 1064 preds

-------------wrote 1065 to 1065 preds

-------------wrote 1066 to 1066 preds
predicting 1067 to 1067 prompt

-------------wrote 1067 to 1067 preds

-------------wrote 1068 to 1068 preds
predicting 1069 to 1069 prompt

-------------wrote 1069 to 1069 preds

-------------wrote 1070 to 1070 preds

-------------wrote 1071 to 1071 preds
predicting 1072 to 1072 prompt

-------------wrote 1072 to 1072 preds

-------------wrote 1073 to 1073 preds

-------------wrote 1074 to 1074 preds

-------------wrote 1075 to 1075 preds

-------------wrote 1076 to 1076 preds

-------------wrote 1077 to 1077 preds

-------------wrote 1078 to 1078 preds

-------------wrote 1079 to 1079 preds
predicting 1080 to 1080 prompt

-------------wrote 1080 to 1080 preds

-------------wrote 1081 to 1081 preds

-------------wrote 1082 to 1082 preds

-------------wrote 1083 to 1083 preds

-------------wrote 1084 to 1084 preds
predicting 1085 to 1085 prompt

-------------wrote 1085 to 1085 preds

-------------wrote 1086 to 1086 preds

-------------wrote 1087 to 1087 preds
predicting 1088 to 1088 prompt

-------------wrote 1088 to 1088 preds

-------------wrote 1089 to 1089 preds

-------------wrote 1090 to 1090 preds

-------------wrote 1091 to 1091 preds

-------------wrote 1092 to 1092 preds

-------------wrote 1093 to 1093 preds

-------------wrote 1094 to 1094 preds

-------------wrote 1095 to 1095 preds

-------------wrote 1096 to 1096 preds
predicting 1097 to 1097 prompt

-------------wrote 1097 to 1097 preds

-------------wrote 1098 to 1098 preds

-------------wrote 1099 to 1099 preds

-------------wrote 1100 to 1100 preds
predicting 1101 to 1101 prompt

-------------wrote 1101 to 1101 preds

-------------wrote 1102 to 1102 preds
predicting 1103 to 1103 prompt

-------------wrote 1103 to 1103 preds

-------------wrote 1104 to 1104 preds
predicting 1105 to 1105 prompt

-------------wrote 1105 to 1105 preds

-------------wrote 1106 to 1106 preds

-------------wrote 1107 to 1107 preds

-------------wrote 1108 to 1108 preds

-------------wrote 1109 to 1109 preds

-------------wrote 1110 to 1110 preds
predicting 1111 to 1111 prompt

-------------wrote 1111 to 1111 preds

-------------wrote 1112 to 1112 preds
predicting 1113 to 1113 prompt

-------------wrote 1113 to 1113 preds

-------------wrote 1114 to 1114 preds

-------------wrote 1115 to 1115 preds

-------------wrote 1116 to 1116 preds

-------------wrote 1117 to 1117 preds
predicting 1118 to 1118 prompt

-------------wrote 1118 to 1118 preds

-------------wrote 1119 to 1119 preds
predicting 1120 to 1120 prompt

-------------wrote 1120 to 1120 preds

-------------wrote 1121 to 1121 preds
predicting 1122 to 1122 prompt

-------------wrote 1122 to 1122 preds

-------------wrote 1123 to 1123 preds
predicting 1124 to 1124 prompt

-------------wrote 1124 to 1124 preds

-------------wrote 1125 to 1125 preds

-------------wrote 1126 to 1126 preds

-------------wrote 1127 to 1127 preds
predicting 1128 to 1128 prompt

-------------wrote 1128 to 1128 preds
predicting 1129 to 1129 prompt

-------------wrote 1129 to 1129 preds
predicting 1130 to 1130 prompt

-------------wrote 1130 to 1130 preds

-------------wrote 1131 to 1131 preds

-------------wrote 1132 to 1132 preds

-------------wrote 1133 to 1133 preds

-------------wrote 1134 to 1134 preds

-------------wrote 1135 to 1135 preds
predicting 1136 to 1136 prompt

-------------wrote 1136 to 1136 preds

-------------wrote 1137 to 1137 preds
predicting 1138 to 1138 prompt

-------------wrote 1138 to 1138 preds

-------------wrote 1139 to 1139 preds

-------------wrote 1140 to 1140 preds

-------------wrote 1141 to 1141 preds

-------------wrote 1142 to 1142 preds
predicting 1143 to 1143 prompt

-------------wrote 1143 to 1143 preds

-------------wrote 1144 to 1144 preds
predicting 1145 to 1145 prompt

-------------wrote 1145 to 1145 preds

-------------wrote 1146 to 1146 preds

-------------wrote 1147 to 1147 preds
predicting 1148 to 1148 prompt

-------------wrote 1148 to 1148 preds

-------------wrote 1149 to 1149 preds

-------------wrote 1150 to 1150 preds
predicting 1151 to 1151 prompt

-------------wrote 1151 to 1151 preds

-------------wrote 1152 to 1152 preds
predicting 1153 to 1153 prompt

-------------wrote 1153 to 1153 preds

-------------wrote 1154 to 1154 preds

-------------wrote 1155 to 1155 preds
predicting 1156 to 1156 prompt

-------------wrote 1156 to 1156 preds

-------------wrote 1157 to 1157 preds
predicting 1158 to 1158 prompt

-------------wrote 1158 to 1158 preds
predicting 1159 to 1159 prompt

-------------wrote 1159 to 1159 preds

-------------wrote 1160 to 1160 preds

-------------wrote 1161 to 1161 preds
predicting 1162 to 1162 prompt

-------------wrote 1162 to 1162 preds

-------------wrote 1163 to 1163 preds

-------------wrote 1164 to 1164 preds

-------------wrote 1165 to 1165 preds

-------------wrote 1166 to 1166 preds

-------------wrote 1167 to 1167 preds

-------------wrote 1168 to 1168 preds

-------------wrote 1169 to 1169 preds

-------------wrote 1170 to 1170 preds
predicting 1171 to 1171 prompt

-------------wrote 1171 to 1171 preds

-------------wrote 1172 to 1172 preds
predicting 1173 to 1173 prompt

-------------wrote 1173 to 1173 preds

-------------wrote 1174 to 1174 preds

-------------wrote 1175 to 1175 preds

-------------wrote 1176 to 1176 preds
predicting 1177 to 1177 prompt

-------------wrote 1177 to 1177 preds

-------------wrote 1178 to 1178 preds

-------------wrote 1179 to 1179 preds

-------------wrote 1180 to 1180 preds
predicting 1181 to 1181 prompt

-------------wrote 1181 to 1181 preds

-------------wrote 1182 to 1182 preds

-------------wrote 1183 to 1183 preds

-------------wrote 1184 to 1184 preds

-------------wrote 1185 to 1185 preds
predicting 1186 to 1186 prompt

-------------wrote 1186 to 1186 preds

-------------wrote 1187 to 1187 preds

-------------wrote 1188 to 1188 preds

-------------wrote 1189 to 1189 preds

-------------wrote 1190 to 1190 preds
predicting 1191 to 1191 prompt

-------------wrote 1191 to 1191 preds

-------------wrote 1192 to 1192 preds
predicting 1193 to 1193 prompt

-------------wrote 1193 to 1193 preds

-------------wrote 1194 to 1194 preds
predicting 1195 to 1195 prompt

-------------wrote 1195 to 1195 preds

-------------wrote 1196 to 1196 preds
predicting 1197 to 1197 prompt

-------------wrote 1197 to 1197 preds

-------------wrote 1198 to 1198 preds
predicting 1199 to 1199 prompt

-------------wrote 1199 to 1199 preds

-------------wrote 1200 to 1200 preds

-------------wrote 1201 to 1201 preds

-------------wrote 1202 to 1202 preds
predicting 1203 to 1203 prompt

-------------wrote 1203 to 1203 preds
predicting 1204 to 1204 prompt

-------------wrote 1204 to 1204 preds

-------------wrote 1205 to 1205 preds
predicting 1206 to 1206 prompt

-------------wrote 1206 to 1206 preds

-------------wrote 1207 to 1207 preds
predicting 1208 to 1208 prompt

-------------wrote 1208 to 1208 preds

-------------wrote 1209 to 1209 preds

-------------wrote 1210 to 1210 preds
predicting 1211 to 1211 prompt

-------------wrote 1211 to 1211 preds

-------------wrote 1212 to 1212 preds

-------------wrote 1213 to 1213 preds

-------------wrote 1214 to 1214 preds
predicting 1215 to 1215 prompt

-------------wrote 1215 to 1215 preds

-------------wrote 1216 to 1216 preds

-------------wrote 1217 to 1217 preds
predicting 1218 to 1218 prompt

-------------wrote 1218 to 1218 preds
predicting 1219 to 1219 prompt

-------------wrote 1219 to 1219 preds

-------------wrote 1220 to 1220 preds

-------------wrote 1221 to 1221 preds
predicting 1222 to 1222 prompt

-------------wrote 1222 to 1222 preds

-------------wrote 1223 to 1223 preds

-------------wrote 1224 to 1224 preds
predicting 1225 to 1225 prompt

-------------wrote 1225 to 1225 preds
predicting 1226 to 1226 prompt

-------------wrote 1226 to 1226 preds

-------------wrote 1227 to 1227 preds

-------------wrote 1228 to 1228 preds
predicting 1229 to 1229 prompt

-------------wrote 1229 to 1229 preds

-------------wrote 1230 to 1230 preds
predicting 1231 to 1231 prompt

-------------wrote 1231 to 1231 preds

-------------wrote 1232 to 1232 preds
predicting 1233 to 1233 prompt

-------------wrote 1233 to 1233 preds
predicting 1234 to 1234 prompt

-------------wrote 1234 to 1234 preds

-------------wrote 1235 to 1235 preds
predicting 1236 to 1236 prompt

-------------wrote 1236 to 1236 preds

-------------wrote 1237 to 1237 preds
predicting 1238 to 1238 prompt

-------------wrote 1238 to 1238 preds

-------------wrote 1239 to 1239 preds

-------------wrote 1240 to 1240 preds

-------------wrote 1241 to 1241 preds

-------------wrote 1242 to 1242 preds

-------------wrote 1243 to 1243 preds

-------------wrote 1244 to 1244 preds

-------------wrote 1245 to 1245 preds
predicting 1246 to 1246 prompt

-------------wrote 1246 to 1246 preds

-------------wrote 1247 to 1247 preds

-------------wrote 1248 to 1248 preds

-------------wrote 1249 to 1249 preds

-------------wrote 1250 to 1250 preds
predicting 1251 to 1251 prompt

-------------wrote 1251 to 1251 preds
predicting 1252 to 1252 prompt

-------------wrote 1252 to 1252 preds

-------------wrote 1253 to 1253 preds
predicting 1254 to 1254 prompt

-------------wrote 1254 to 1254 preds

-------------wrote 1255 to 1255 preds
predicting 1256 to 1256 prompt

-------------wrote 1256 to 1256 preds

-------------wrote 1257 to 1257 preds

-------------wrote 1258 to 1258 preds

-------------wrote 1259 to 1259 preds

-------------wrote 1260 to 1260 preds
predicting 1261 to 1261 prompt

-------------wrote 1261 to 1261 preds

-------------wrote 1262 to 1262 preds
predicting 1263 to 1263 prompt

-------------wrote 1263 to 1263 preds

-------------wrote 1264 to 1264 preds
predicting 1265 to 1265 prompt

-------------wrote 1265 to 1265 preds

-------------wrote 1266 to 1266 preds

-------------wrote 1267 to 1267 preds

-------------wrote 1268 to 1268 preds

-------------wrote 1269 to 1269 preds

-------------wrote 1270 to 1270 preds
predicting 1271 to 1271 prompt

-------------wrote 1271 to 1271 preds

-------------wrote 1272 to 1272 preds

-------------wrote 1273 to 1273 preds
predicting 1274 to 1274 prompt

-------------wrote 1274 to 1274 preds

-------------wrote 1275 to 1275 preds

-------------wrote 1276 to 1276 preds

-------------wrote 1277 to 1277 preds
predicting 1278 to 1278 prompt

-------------wrote 1278 to 1278 preds
predicting 1279 to 1279 prompt

-------------wrote 1279 to 1279 preds

-------------wrote 1280 to 1280 preds

-------------wrote 1281 to 1281 preds

-------------wrote 1282 to 1282 preds

-------------wrote 1283 to 1283 preds
predicting 1284 to 1284 prompt

-------------wrote 1284 to 1284 preds

-------------wrote 1285 to 1285 preds
predicting 1286 to 1286 prompt

-------------wrote 1286 to 1286 preds

-------------wrote 1287 to 1287 preds
predicting 1288 to 1288 prompt

-------------wrote 1288 to 1288 preds

-------------wrote 1289 to 1289 preds

-------------wrote 1290 to 1290 preds

-------------wrote 1291 to 1291 preds
predicting 1292 to 1292 prompt

-------------wrote 1292 to 1292 preds

-------------wrote 1293 to 1293 preds
predicting 1294 to 1294 prompt

-------------wrote 1294 to 1294 preds

-------------wrote 1295 to 1295 preds

-------------wrote 1296 to 1296 preds
predicting 1297 to 1297 prompt

-------------wrote 1297 to 1297 preds

-------------wrote 1298 to 1298 preds

-------------wrote 1299 to 1299 preds

-------------wrote 1300 to 1300 preds

-------------wrote 1301 to 1301 preds
predicting 1302 to 1302 prompt

-------------wrote 1302 to 1302 preds

-------------wrote 1303 to 1303 preds

-------------wrote 1304 to 1304 preds

-------------wrote 1305 to 1305 preds

-------------wrote 1306 to 1306 preds

-------------wrote 1307 to 1307 preds

-------------wrote 1308 to 1308 preds
predicting 1309 to 1309 prompt

-------------wrote 1309 to 1309 preds

-------------wrote 1310 to 1310 preds

-------------wrote 1311 to 1311 preds

-------------wrote 1312 to 1312 preds
predicting 1313 to 1313 prompt

-------------wrote 1313 to 1313 preds

-------------wrote 1314 to 1314 preds
predicting 1315 to 1315 prompt

-------------wrote 1315 to 1315 preds

-------------wrote 1316 to 1316 preds

-------------wrote 1317 to 1317 preds

-------------wrote 1318 to 1318 preds

-------------wrote 1319 to 1319 preds
predicting 1320 to 1320 prompt

-------------wrote 1320 to 1320 preds

-------------wrote 1321 to 1321 preds

-------------wrote 1322 to 1322 preds

-------------wrote 1323 to 1323 preds

-------------wrote 1324 to 1324 preds

-------------wrote 1325 to 1325 preds

-------------wrote 1326 to 1326 preds

-------------wrote 1327 to 1327 preds

-------------wrote 1328 to 1328 preds

-------------wrote 1329 to 1329 preds

-------------wrote 1330 to 1330 preds

-------------wrote 1331 to 1331 preds
predicting 1332 to 1332 prompt

-------------wrote 1332 to 1332 preds

-------------wrote 1333 to 1333 preds

-------------wrote 1334 to 1334 preds

-------------wrote 1335 to 1335 preds

-------------wrote 1336 to 1336 preds

-------------wrote 1337 to 1337 preds
predicting 1338 to 1338 prompt

-------------wrote 1338 to 1338 preds

-------------wrote 1339 to 1339 preds

-------------wrote 1340 to 1340 preds

-------------wrote 1341 to 1341 preds

-------------wrote 1342 to 1342 preds
predicting 1343 to 1343 prompt

-------------wrote 1343 to 1343 preds

-------------wrote 1344 to 1344 preds
predicting 1345 to 1345 prompt

-------------wrote 1345 to 1345 preds

-------------wrote 1346 to 1346 preds
predicting 1347 to 1347 prompt

-------------wrote 1347 to 1347 preds

-------------wrote 1348 to 1348 preds

-------------wrote 1349 to 1349 preds

-------------wrote 1350 to 1350 preds
predicting 1351 to 1351 prompt

-------------wrote 1351 to 1351 preds

-------------wrote 1352 to 1352 preds

-------------wrote 1353 to 1353 preds

-------------wrote 1354 to 1354 preds
predicting 1355 to 1355 prompt

-------------wrote 1355 to 1355 preds

-------------wrote 1356 to 1356 preds

-------------wrote 1357 to 1357 preds

-------------wrote 1358 to 1358 preds

-------------wrote 1359 to 1359 preds

-------------wrote 1360 to 1360 preds

-------------wrote 1361 to 1361 preds

-------------wrote 1362 to 1362 preds

-------------wrote 1363 to 1363 preds

-------------wrote 1364 to 1364 preds

-------------wrote 1365 to 1365 preds

-------------wrote 1366 to 1366 preds

-------------wrote 1367 to 1367 preds

-------------wrote 1368 to 1368 preds

-------------wrote 1369 to 1369 preds

-------------wrote 1370 to 1370 preds

-------------wrote 1371 to 1371 preds
predicting 1372 to 1372 prompt

-------------wrote 1372 to 1372 preds

-------------wrote 1373 to 1373 preds

-------------wrote 1374 to 1374 preds

-------------wrote 1375 to 1375 preds

-------------wrote 1376 to 1376 preds

-------------wrote 1377 to 1377 preds
predicting 1378 to 1378 prompt

-------------wrote 1378 to 1378 preds

-------------wrote 1379 to 1379 preds

-------------wrote 1380 to 1380 preds

-------------wrote 1381 to 1381 preds

-------------wrote 1382 to 1382 preds

-------------wrote 1383 to 1383 preds
predicting 1384 to 1384 prompt

-------------wrote 1384 to 1384 preds

-------------wrote 1385 to 1385 preds

-------------wrote 1386 to 1386 preds

-------------wrote 1387 to 1387 preds
predicting 1388 to 1388 prompt

-------------wrote 1388 to 1388 preds

-------------wrote 1389 to 1389 preds
predicting 1390 to 1390 prompt

-------------wrote 1390 to 1390 preds

-------------wrote 1391 to 1391 preds
predicting 1392 to 1392 prompt

-------------wrote 1392 to 1392 preds

-------------wrote 1393 to 1393 preds

-------------wrote 1394 to 1394 preds

-------------wrote 1395 to 1395 preds

-------------wrote 1396 to 1396 preds
predicting 1397 to 1397 prompt

-------------wrote 1397 to 1397 preds

-------------wrote 1398 to 1398 preds

-------------wrote 1399 to 1399 preds
predicting 1400 to 1400 prompt

-------------wrote 1400 to 1400 preds

-------------wrote 1401 to 1401 preds

-------------wrote 1402 to 1402 preds
predicting 1403 to 1403 prompt

-------------wrote 1403 to 1403 preds

-------------wrote 1404 to 1404 preds

-------------wrote 1405 to 1405 preds
predicting 1406 to 1406 prompt

-------------wrote 1406 to 1406 preds
predicting 1407 to 1407 prompt

-------------wrote 1407 to 1407 preds
predicting 1408 to 1408 prompt

-------------wrote 1408 to 1408 preds

-------------wrote 1409 to 1409 preds

-------------wrote 1410 to 1410 preds
predicting 1411 to 1411 prompt

-------------wrote 1411 to 1411 preds

-------------wrote 1412 to 1412 preds

-------------wrote 1413 to 1413 preds
predicting 1414 to 1414 prompt

-------------wrote 1414 to 1414 preds

-------------wrote 1415 to 1415 preds

-------------wrote 1416 to 1416 preds

-------------wrote 1417 to 1417 preds

-------------wrote 1418 to 1418 preds

-------------wrote 1419 to 1419 preds

-------------wrote 1420 to 1420 preds
predicting 1421 to 1421 prompt

-------------wrote 1421 to 1421 preds

-------------wrote 1422 to 1422 preds

-------------wrote 1423 to 1423 preds
predicting 1424 to 1424 prompt

-------------wrote 1424 to 1424 preds

-------------wrote 1425 to 1425 preds

-------------wrote 1426 to 1426 preds

-------------wrote 1427 to 1427 preds

-------------wrote 1428 to 1428 preds

-------------wrote 1429 to 1429 preds
predicting 1430 to 1430 prompt

-------------wrote 1430 to 1430 preds

-------------wrote 1431 to 1431 preds

-------------wrote 1432 to 1432 preds

-------------wrote 1433 to 1433 preds

-------------wrote 1434 to 1434 preds

-------------wrote 1435 to 1435 preds

-------------wrote 1436 to 1436 preds

-------------wrote 1437 to 1437 preds

-------------wrote 1438 to 1438 preds

-------------wrote 1439 to 1439 preds
predicting 1440 to 1440 prompt

-------------wrote 1440 to 1440 preds
predicting 1441 to 1441 prompt

-------------wrote 1441 to 1441 preds

-------------wrote 1442 to 1442 preds
predicting 1443 to 1443 prompt

-------------wrote 1443 to 1443 preds

-------------wrote 1444 to 1444 preds
predicting 1445 to 1445 prompt

-------------wrote 1445 to 1445 preds

-------------wrote 1446 to 1446 preds

-------------wrote 1447 to 1447 preds

-------------wrote 1448 to 1448 preds
predicting 1449 to 1449 prompt

-------------wrote 1449 to 1449 preds

-------------wrote 1450 to 1450 preds
predicting 1451 to 1451 prompt

-------------wrote 1451 to 1451 preds

-------------wrote 1452 to 1452 preds
predicting 1453 to 1453 prompt

-------------wrote 1453 to 1453 preds

-------------wrote 1454 to 1454 preds

-------------wrote 1455 to 1455 preds

-------------wrote 1456 to 1456 preds

-------------wrote 1457 to 1457 preds
predicting 1458 to 1458 prompt

-------------wrote 1458 to 1458 preds
predicting 1459 to 1459 prompt

-------------wrote 1459 to 1459 preds

-------------wrote 1460 to 1460 preds

-------------wrote 1461 to 1461 preds

-------------wrote 1462 to 1462 preds

-------------wrote 1463 to 1463 preds

-------------wrote 1464 to 1464 preds

-------------wrote 1465 to 1465 preds

-------------wrote 1466 to 1466 preds

-------------wrote 1467 to 1467 preds

-------------wrote 1468 to 1468 preds
predicting 1469 to 1469 prompt

-------------wrote 1469 to 1469 preds

-------------wrote 1470 to 1470 preds

-------------wrote 1471 to 1471 preds

-------------wrote 1472 to 1472 preds
predicting 1473 to 1473 prompt

-------------wrote 1473 to 1473 preds

-------------wrote 1474 to 1474 preds
predicting 1475 to 1475 prompt

-------------wrote 1475 to 1475 preds

-------------wrote 1476 to 1476 preds
predicting 1477 to 1477 prompt

-------------wrote 1477 to 1477 preds

-------------wrote 1478 to 1478 preds

-------------wrote 1479 to 1479 preds

-------------wrote 1480 to 1480 preds

-------------wrote 1481 to 1481 preds

-------------wrote 1482 to 1482 preds

-------------wrote 1483 to 1483 preds

-------------wrote 1484 to 1484 preds

-------------wrote 1485 to 1485 preds

-------------wrote 1486 to 1486 preds

-------------wrote 1487 to 1487 preds

-------------wrote 1488 to 1488 preds

-------------wrote 1489 to 1489 preds
predicting 1490 to 1490 prompt

-------------wrote 1490 to 1490 preds

-------------wrote 1491 to 1491 preds
predicting 1492 to 1492 prompt

-------------wrote 1492 to 1492 preds
predicting 1493 to 1493 prompt

-------------wrote 1493 to 1493 preds

-------------wrote 1494 to 1494 preds
predicting 1495 to 1495 prompt

-------------wrote 1495 to 1495 preds

-------------wrote 1496 to 1496 preds
predicting 1497 to 1497 prompt

-------------wrote 1497 to 1497 preds

-------------wrote 1498 to 1498 preds

-------------wrote 1499 to 1499 preds

-------------wrote 1500 to 1500 preds

-------------wrote 1501 to 1501 preds

-------------wrote 1502 to 1502 preds

-------------wrote 1503 to 1503 preds

-------------wrote 1504 to 1504 preds
predicting 1505 to 1505 prompt

-------------wrote 1505 to 1505 preds

-------------wrote 1506 to 1506 preds

-------------wrote 1507 to 1507 preds

-------------wrote 1508 to 1508 preds

-------------wrote 1509 to 1509 preds

-------------wrote 1510 to 1510 preds

-------------wrote 1511 to 1511 preds
predicting 1512 to 1512 prompt

-------------wrote 1512 to 1512 preds

-------------wrote 1513 to 1513 preds
predicting 1514 to 1514 prompt

-------------wrote 1514 to 1514 preds
predicting 1515 to 1515 prompt

-------------wrote 1515 to 1515 preds

-------------wrote 1516 to 1516 preds
predicting 1517 to 1517 prompt

-------------wrote 1517 to 1517 preds

-------------wrote 1518 to 1518 preds

-------------wrote 1519 to 1519 preds

-------------wrote 1520 to 1520 preds

-------------wrote 1521 to 1521 preds

-------------wrote 1522 to 1522 preds

-------------wrote 1523 to 1523 preds

-------------wrote 1524 to 1524 preds
predicting 1525 to 1525 prompt

-------------wrote 1525 to 1525 preds

-------------wrote 1526 to 1526 preds

-------------wrote 1527 to 1527 preds

-------------wrote 1528 to 1528 preds
predicting 1529 to 1529 prompt

-------------wrote 1529 to 1529 preds

-------------wrote 1530 to 1530 preds

-------------wrote 1531 to 1531 preds
predicting 1532 to 1532 prompt

-------------wrote 1532 to 1532 preds

-------------wrote 1533 to 1533 preds
predicting 1534 to 1534 prompt

-------------wrote 1534 to 1534 preds

-------------wrote 1535 to 1535 preds

-------------wrote 1536 to 1536 preds

-------------wrote 1537 to 1537 preds

-------------wrote 1538 to 1538 preds

-------------wrote 1539 to 1539 preds

-------------wrote 1540 to 1540 preds

-------------wrote 1541 to 1541 preds

-------------wrote 1542 to 1542 preds

-------------wrote 1543 to 1543 preds

-------------wrote 1544 to 1544 preds
predicting 1545 to 1545 prompt

-------------wrote 1545 to 1545 preds
predicting 1546 to 1546 prompt

-------------wrote 1546 to 1546 preds

-------------wrote 1547 to 1547 preds

-------------wrote 1548 to 1548 preds

-------------wrote 1549 to 1549 preds

-------------wrote 1550 to 1550 preds

-------------wrote 1551 to 1551 preds

-------------wrote 1552 to 1552 preds

-------------wrote 1553 to 1553 preds
predicting 1554 to 1554 prompt

-------------wrote 1554 to 1554 preds

-------------wrote 1555 to 1555 preds
predicting 1556 to 1556 prompt

-------------wrote 1556 to 1556 preds

-------------wrote 1557 to 1557 preds

-------------wrote 1558 to 1558 preds

-------------wrote 1559 to 1559 preds
predicting 1560 to 1560 prompt

-------------wrote 1560 to 1560 preds

-------------wrote 1561 to 1561 preds

-------------wrote 1562 to 1562 preds

-------------wrote 1563 to 1563 preds

-------------wrote 1564 to 1564 preds

-------------wrote 1565 to 1565 preds

-------------wrote 1566 to 1566 preds

-------------wrote 1567 to 1567 preds
predicting 1568 to 1568 prompt

-------------wrote 1568 to 1568 preds

-------------wrote 1569 to 1569 preds

-------------wrote 1570 to 1570 preds

-------------wrote 1571 to 1571 preds

-------------wrote 1572 to 1572 preds

-------------wrote 1573 to 1573 preds

-------------wrote 1574 to 1574 preds

-------------wrote 1575 to 1575 preds

-------------wrote 1576 to 1576 preds
predicting 1577 to 1577 prompt

-------------wrote 1577 to 1577 preds

-------------wrote 1578 to 1578 preds
predicting 1579 to 1579 prompt

-------------wrote 1579 to 1579 preds

-------------wrote 1580 to 1580 preds
predicting 1581 to 1581 prompt

-------------wrote 1581 to 1581 preds

-------------wrote 1582 to 1582 preds
predicting 1583 to 1583 prompt

-------------wrote 1583 to 1583 preds

-------------wrote 1584 to 1584 preds
predicting 1585 to 1585 prompt

-------------wrote 1585 to 1585 preds
predicting 1586 to 1586 prompt

-------------wrote 1586 to 1586 preds

-------------wrote 1587 to 1587 preds
predicting 1588 to 1588 prompt

-------------wrote 1588 to 1588 preds

-------------wrote 1589 to 1589 preds

-------------wrote 1590 to 1590 preds

-------------wrote 1591 to 1591 preds
predicting 1592 to 1592 prompt

-------------wrote 1592 to 1592 preds

-------------wrote 1593 to 1593 preds
predicting 1594 to 1594 prompt

-------------wrote 1594 to 1594 preds

-------------wrote 1595 to 1595 preds

-------------wrote 1596 to 1596 preds

-------------wrote 1597 to 1597 preds
predicting 1598 to 1598 prompt

-------------wrote 1598 to 1598 preds

-------------wrote 1599 to 1599 preds
predicting 1600 to 1600 prompt

-------------wrote 1600 to 1600 preds

-------------wrote 1601 to 1601 preds

-------------wrote 1602 to 1602 preds

-------------wrote 1603 to 1603 preds

-------------wrote 1604 to 1604 preds
predicting 1605 to 1605 prompt

-------------wrote 1605 to 1605 preds

-------------wrote 1606 to 1606 preds
predicting 1607 to 1607 prompt

-------------wrote 1607 to 1607 preds

-------------wrote 1608 to 1608 preds

-------------wrote 1609 to 1609 preds

-------------wrote 1610 to 1610 preds

-------------wrote 1611 to 1611 preds

-------------wrote 1612 to 1612 preds

-------------wrote 1613 to 1613 preds
predicting 1614 to 1614 prompt

-------------wrote 1614 to 1614 preds

-------------wrote 1615 to 1615 preds

-------------wrote 1616 to 1616 preds
predicting 1617 to 1617 prompt

-------------wrote 1617 to 1617 preds

-------------wrote 1618 to 1618 preds
predicting 1619 to 1619 prompt

-------------wrote 1619 to 1619 preds

-------------wrote 1620 to 1620 preds

-------------wrote 1621 to 1621 preds

-------------wrote 1622 to 1622 preds

-------------wrote 1623 to 1623 preds

-------------wrote 1624 to 1624 preds
predicting 1625 to 1625 prompt

-------------wrote 1625 to 1625 preds
predicting 1626 to 1626 prompt

-------------wrote 1626 to 1626 preds

-------------wrote 1627 to 1627 preds

-------------wrote 1628 to 1628 preds

-------------wrote 1629 to 1629 preds

-------------wrote 1630 to 1630 preds

-------------wrote 1631 to 1631 preds
predicting 1632 to 1632 prompt

-------------wrote 1632 to 1632 preds

-------------wrote 1633 to 1633 preds

-------------wrote 1634 to 1634 preds
predicting 1635 to 1635 prompt

-------------wrote 1635 to 1635 preds

-------------wrote 1636 to 1636 preds

-------------wrote 1637 to 1637 preds
predicting 1638 to 1638 prompt

-------------wrote 1638 to 1638 preds
predicting 1639 to 1639 prompt

-------------wrote 1639 to 1639 preds

-------------wrote 1640 to 1640 preds

-------------wrote 1641 to 1641 preds
predicting 1642 to 1642 prompt

-------------wrote 1642 to 1642 preds

-------------wrote 1643 to 1643 preds
predicting 1644 to 1644 prompt

-------------wrote 1644 to 1644 preds
predicting 1645 to 1645 prompt

-------------wrote 1645 to 1645 preds

-------------wrote 1646 to 1646 preds

-------------wrote 1647 to 1647 preds
predicting 1648 to 1648 prompt

-------------wrote 1648 to 1648 preds

-------------wrote 1649 to 1649 preds

-------------wrote 1650 to 1650 preds

-------------wrote 1651 to 1651 preds

-------------wrote 1652 to 1652 preds

-------------wrote 1653 to 1653 preds
predicting 1654 to 1654 prompt

-------------wrote 1654 to 1654 preds

-------------wrote 1655 to 1655 preds

-------------wrote 1656 to 1656 preds

-------------wrote 1657 to 1657 preds

-------------wrote 1658 to 1658 preds

-------------wrote 1659 to 1659 preds

-------------wrote 1660 to 1660 preds

-------------wrote 1661 to 1661 preds
predicting 1662 to 1662 prompt

-------------wrote 1662 to 1662 preds

-------------wrote 1663 to 1663 preds

-------------wrote 1664 to 1664 preds

-------------wrote 1665 to 1665 preds
predicting 1666 to 1666 prompt

-------------wrote 1666 to 1666 preds

-------------wrote 1667 to 1667 preds

-------------wrote 1668 to 1668 preds

-------------wrote 1669 to 1669 preds
predicting 1670 to 1670 prompt

-------------wrote 1670 to 1670 preds

-------------wrote 1671 to 1671 preds

-------------wrote 1672 to 1672 preds

-------------wrote 1673 to 1673 preds
predicting 1674 to 1674 prompt

-------------wrote 1674 to 1674 preds

-------------wrote 1675 to 1675 preds

-------------wrote 1676 to 1676 preds

-------------wrote 1677 to 1677 preds

-------------wrote 1678 to 1678 preds

-------------wrote 1679 to 1679 preds
predicting 1680 to 1680 prompt

-------------wrote 1680 to 1680 preds

-------------wrote 1681 to 1681 preds
predicting 1682 to 1682 prompt

-------------wrote 1682 to 1682 preds
predicting 1683 to 1683 prompt

-------------wrote 1683 to 1683 preds

-------------wrote 1684 to 1684 preds

-------------wrote 1685 to 1685 preds

-------------wrote 1686 to 1686 preds
predicting 1687 to 1687 prompt

-------------wrote 1687 to 1687 preds

-------------wrote 1688 to 1688 preds

-------------wrote 1689 to 1689 preds

-------------wrote 1690 to 1690 preds
predicting 1691 to 1691 prompt

-------------wrote 1691 to 1691 preds

-------------wrote 1692 to 1692 preds

-------------wrote 1693 to 1693 preds

-------------wrote 1694 to 1694 preds
predicting 1695 to 1695 prompt

-------------wrote 1695 to 1695 preds

-------------wrote 1696 to 1696 preds

-------------wrote 1697 to 1697 preds

-------------wrote 1698 to 1698 preds

-------------wrote 1699 to 1699 preds

-------------wrote 1700 to 1700 preds

-------------wrote 1701 to 1701 preds
predicting 1702 to 1702 prompt

-------------wrote 1702 to 1702 preds

-------------wrote 1703 to 1703 preds

-------------wrote 1704 to 1704 preds

-------------wrote 1705 to 1705 preds

-------------wrote 1706 to 1706 preds

-------------wrote 1707 to 1707 preds
predicting 1708 to 1708 prompt

-------------wrote 1708 to 1708 preds

-------------wrote 1709 to 1709 preds

-------------wrote 1710 to 1710 preds

-------------wrote 1711 to 1711 preds
predicting 1712 to 1712 prompt

-------------wrote 1712 to 1712 preds

-------------wrote 1713 to 1713 preds
predicting 1714 to 1714 prompt

-------------wrote 1714 to 1714 preds

-------------wrote 1715 to 1715 preds

-------------wrote 1716 to 1716 preds

-------------wrote 1717 to 1717 preds

-------------wrote 1718 to 1718 preds

-------------wrote 1719 to 1719 preds
predicting 1720 to 1720 prompt

-------------wrote 1720 to 1720 preds

-------------wrote 1721 to 1721 preds
predicting 1722 to 1722 prompt

-------------wrote 1722 to 1722 preds

-------------wrote 1723 to 1723 preds

-------------wrote 1724 to 1724 preds
predicting 1725 to 1725 prompt

-------------wrote 1725 to 1725 preds

-------------wrote 1726 to 1726 preds

-------------wrote 1727 to 1727 preds

-------------wrote 1728 to 1728 preds

-------------wrote 1729 to 1729 preds

-------------wrote 1730 to 1730 preds
predicting 1731 to 1731 prompt

-------------wrote 1731 to 1731 preds

-------------wrote 1732 to 1732 preds

-------------wrote 1733 to 1733 preds

-------------wrote 1734 to 1734 preds
predicting 1735 to 1735 prompt

-------------wrote 1735 to 1735 preds

-------------wrote 1736 to 1736 preds

-------------wrote 1737 to 1737 preds

-------------wrote 1738 to 1738 preds

-------------wrote 1739 to 1739 preds

-------------wrote 1740 to 1740 preds
predicting 1741 to 1741 prompt

-------------wrote 1741 to 1741 preds

-------------wrote 1742 to 1742 preds
predicting 1743 to 1743 prompt

-------------wrote 1743 to 1743 preds

-------------wrote 1744 to 1744 preds
predicting 1745 to 1745 prompt

-------------wrote 1745 to 1745 preds

-------------wrote 1746 to 1746 preds

-------------wrote 1747 to 1747 preds

-------------wrote 1748 to 1748 preds
predicting 1749 to 1749 prompt

-------------wrote 1749 to 1749 preds

-------------wrote 1750 to 1750 preds

-------------wrote 1751 to 1751 preds

-------------wrote 1752 to 1752 preds

-------------wrote 1753 to 1753 preds
predicting 1754 to 1754 prompt

-------------wrote 1754 to 1754 preds

-------------wrote 1755 to 1755 preds
predicting 1756 to 1756 prompt

-------------wrote 1756 to 1756 preds

-------------wrote 1757 to 1757 preds
predicting 1758 to 1758 prompt

-------------wrote 1758 to 1758 preds

-------------wrote 1759 to 1759 preds

-------------wrote 1760 to 1760 preds

-------------wrote 1761 to 1761 preds
predicting 1762 to 1762 prompt

-------------wrote 1762 to 1762 preds

-------------wrote 1763 to 1763 preds
predicting 1764 to 1764 prompt

-------------wrote 1764 to 1764 preds

-------------wrote 1765 to 1765 preds

-------------wrote 1766 to 1766 preds

-------------wrote 1767 to 1767 preds
predicting 1768 to 1768 prompt

-------------wrote 1768 to 1768 preds

-------------wrote 1769 to 1769 preds

-------------wrote 1770 to 1770 preds

-------------wrote 1771 to 1771 preds
predicting 1772 to 1772 prompt

-------------wrote 1772 to 1772 preds

-------------wrote 1773 to 1773 preds
predicting 1774 to 1774 prompt

-------------wrote 1774 to 1774 preds

-------------wrote 1775 to 1775 preds

-------------wrote 1776 to 1776 preds

-------------wrote 1777 to 1777 preds
predicting 1778 to 1778 prompt

-------------wrote 1778 to 1778 preds

-------------wrote 1779 to 1779 preds
predicting 1780 to 1780 prompt

-------------wrote 1780 to 1780 preds

-------------wrote 1781 to 1781 preds
predicting 1782 to 1782 prompt

-------------wrote 1782 to 1782 preds

-------------wrote 1783 to 1783 preds
predicting 1784 to 1784 prompt

-------------wrote 1784 to 1784 preds

-------------wrote 1785 to 1785 preds
predicting 1786 to 1786 prompt

-------------wrote 1786 to 1786 preds

-------------wrote 1787 to 1787 preds
predicting 1788 to 1788 prompt

-------------wrote 1788 to 1788 preds
predicting 1789 to 1789 prompt

-------------wrote 1789 to 1789 preds
predicting 1790 to 1790 prompt

-------------wrote 1790 to 1790 preds

-------------wrote 1791 to 1791 preds
predicting 1792 to 1792 prompt

-------------wrote 1792 to 1792 preds

-------------wrote 1793 to 1793 preds

-------------wrote 1794 to 1794 preds

-------------wrote 1795 to 1795 preds
predicting 1796 to 1796 prompt

-------------wrote 1796 to 1796 preds

-------------wrote 1797 to 1797 preds

-------------wrote 1798 to 1798 preds
predicting 1799 to 1799 prompt

-------------wrote 1799 to 1799 preds

-------------wrote 1800 to 1800 preds
predicting 1801 to 1801 prompt

-------------wrote 1801 to 1801 preds

-------------wrote 1802 to 1802 preds
predicting 1803 to 1803 prompt

-------------wrote 1803 to 1803 preds
predicting 1804 to 1804 prompt

-------------wrote 1804 to 1804 preds

-------------wrote 1805 to 1805 preds

-------------wrote 1806 to 1806 preds

-------------wrote 1807 to 1807 preds
predicting 1808 to 1808 prompt

-------------wrote 1808 to 1808 preds

-------------wrote 1809 to 1809 preds

-------------wrote 1810 to 1810 preds

-------------wrote 1811 to 1811 preds

-------------wrote 1812 to 1812 preds

-------------wrote 1813 to 1813 preds

-------------wrote 1814 to 1814 preds

-------------wrote 1815 to 1815 preds
predicting 1816 to 1816 prompt

-------------wrote 1816 to 1816 preds

-------------wrote 1817 to 1817 preds

-------------wrote 1818 to 1818 preds

-------------wrote 1819 to 1819 preds
predicting 1820 to 1820 prompt

-------------wrote 1820 to 1820 preds

-------------wrote 1821 to 1821 preds
predicting 1822 to 1822 prompt

-------------wrote 1822 to 1822 preds

-------------wrote 1823 to 1823 preds

-------------wrote 1824 to 1824 preds

-------------wrote 1825 to 1825 preds

-------------wrote 1826 to 1826 preds

-------------wrote 1827 to 1827 preds

-------------wrote 1828 to 1828 preds

-------------wrote 1829 to 1829 preds

-------------wrote 1830 to 1830 preds

-------------wrote 1831 to 1831 preds
predicting 1832 to 1832 prompt

-------------wrote 1832 to 1832 preds

-------------wrote 1833 to 1833 preds

-------------wrote 1834 to 1834 preds

-------------wrote 1835 to 1835 preds

-------------wrote 1836 to 1836 preds

-------------wrote 1837 to 1837 preds
predicting 1838 to 1838 prompt

-------------wrote 1838 to 1838 preds
predicting 1839 to 1839 prompt

-------------wrote 1839 to 1839 preds

-------------wrote 1840 to 1840 preds

-------------wrote 1841 to 1841 preds

-------------wrote 1842 to 1842 preds
predicting 1843 to 1843 prompt

-------------wrote 1843 to 1843 preds

-------------wrote 1844 to 1844 preds

-------------wrote 1845 to 1845 preds

-------------wrote 1846 to 1846 preds

-------------wrote 1847 to 1847 preds
predicting 1848 to 1848 prompt

-------------wrote 1848 to 1848 preds
predicting 1849 to 1849 prompt

-------------wrote 1849 to 1849 preds

-------------wrote 1850 to 1850 preds

-------------wrote 1851 to 1851 preds

-------------wrote 1852 to 1852 preds

-------------wrote 1853 to 1853 preds
predicting 1854 to 1854 prompt

-------------wrote 1854 to 1854 preds

-------------wrote 1855 to 1855 preds

-------------wrote 1856 to 1856 preds

-------------wrote 1857 to 1857 preds
predicting 1858 to 1858 prompt

-------------wrote 1858 to 1858 preds

-------------wrote 1859 to 1859 preds

-------------wrote 1860 to 1860 preds

-------------wrote 1861 to 1861 preds
predicting 1862 to 1862 prompt

-------------wrote 1862 to 1862 preds
predicting 1863 to 1863 prompt

-------------wrote 1863 to 1863 preds

-------------wrote 1864 to 1864 preds

-------------wrote 1865 to 1865 preds

-------------wrote 1866 to 1866 preds

-------------wrote 1867 to 1867 preds

-------------wrote 1868 to 1868 preds
predicting 1869 to 1869 prompt

-------------wrote 1869 to 1869 preds

-------------wrote 1870 to 1870 preds

-------------wrote 1871 to 1871 preds
predicting 1872 to 1872 prompt

-------------wrote 1872 to 1872 preds
predicting 1873 to 1873 prompt

-------------wrote 1873 to 1873 preds
predicting 1874 to 1874 prompt

-------------wrote 1874 to 1874 preds
predicting 1875 to 1875 prompt

-------------wrote 1875 to 1875 preds

-------------wrote 1876 to 1876 preds

-------------wrote 1877 to 1877 preds
predicting 1878 to 1878 prompt

-------------wrote 1878 to 1878 preds

-------------wrote 1879 to 1879 preds

-------------wrote 1880 to 1880 preds
predicting 1881 to 1881 prompt

-------------wrote 1881 to 1881 preds
predicting 1882 to 1882 prompt

-------------wrote 1882 to 1882 preds

-------------wrote 1883 to 1883 preds

-------------wrote 1884 to 1884 preds

-------------wrote 1885 to 1885 preds

-------------wrote 1886 to 1886 preds

-------------wrote 1887 to 1887 preds

-------------wrote 1888 to 1888 preds

-------------wrote 1889 to 1889 preds

-------------wrote 1890 to 1890 preds

-------------wrote 1891 to 1891 preds

-------------wrote 1892 to 1892 preds

-------------wrote 1893 to 1893 preds

-------------wrote 1894 to 1894 preds
predicting 1895 to 1895 prompt

-------------wrote 1895 to 1895 preds

-------------wrote 1896 to 1896 preds

-------------wrote 1897 to 1897 preds

-------------wrote 1898 to 1898 preds

-------------wrote 1899 to 1899 preds
predicting 1900 to 1900 prompt

-------------wrote 1900 to 1900 preds

-------------wrote 1901 to 1901 preds

-------------wrote 1902 to 1902 preds

-------------wrote 1903 to 1903 preds

-------------wrote 1904 to 1904 preds
predicting 1905 to 1905 prompt

-------------wrote 1905 to 1905 preds
predicting 1906 to 1906 prompt

-------------wrote 1906 to 1906 preds

-------------wrote 1907 to 1907 preds
-----------------Prediction_finished-----------------------
b''
finished precition
